10:49:51.331 [JavaFX Application Thread] DEBUG GameApplication      - Logger initialized
10:49:51.336 [JavaFX Application Thread] DEBUG GameApplication      - Logging settings
Title: Tile Rummy
Version: 0.1
Width: 1900
Height: 1000
Fullscreen: false
Intro: false
Menus: false
Profiling: false
Single step:false
App Mode: DEVELOPER
Menu Key: ESCAPE
Stage Style: DECORATED
Scene Factory: class com.almasb.fxgl.scene.SceneFactory
Dialog Factory: class com.almasb.fxgl.ui.FXGLDialogFactory
UI Factory: class com.almasb.fxgl.ui.FXGLUIFactory
Notification Service: class com.almasb.fxgl.gameplay.notification.XboxNotificationView
Exception Handler: class com.almasb.fxgl.app.FXGLExceptionHandler
10:49:51.336 [JavaFX Application Thread] DEBUG GameApplication      - Starting FXGL
10:49:51.344 [JavaFX Application Thread] INFO  FXGL                 - FXGL-0.5.4 on DESKTOP
10:49:51.344 [JavaFX Application Thread] INFO  FXGL                 - Source code and latest versions at: https://github.com/AlmasB/FXGL
10:49:51.344 [JavaFX Application Thread] INFO  FXGL                 -              Join the FXGL chat at: https://gitter.im/AlmasB/FXGL
10:49:51.344 [JavaFX Application Thread] DEBUG FXGL                 - FXGL started
10:49:51.345 [JavaFX Application Thread] DEBUG FXGL                 - Initializing FXGL
10:49:51.389 [JavaFX Application Thread] DEBUG AssetLoader          - Loading from disk: /assets/ui/cursors/fxgl_default.png
10:49:51.513 [JavaFX Application Thread] DEBUG AssetLoader          - Loading from disk: /assets/ui/fonts/VarelaRound-Regular.ttf
10:49:51.619 [JavaFX Application Thread] DEBUG MainWindow           - Creating a JavaFX scene
10:49:51.664 [JavaFX Application Thread] DEBUG MainWindow           - Target settings size: 1900.0 x 1000.0
10:49:51.665 [JavaFX Application Thread] DEBUG MainWindow           - Scaled scene size:    1900.0 x 1000.0
10:49:51.667 [JavaFX Application Thread] DEBUG MainWindow           - Scaled ratio: (1.0, 1.0)
10:49:51.669 [JavaFX Application Thread] DEBUG AssetLoader          - Loading from disk: /assets/ui/css/fxgl_dark.css
10:49:51.673 [JavaFX Application Thread] DEBUG AssetLoader          - Loading from disk: /assets/textures/fxgl_icon.png
10:49:51.689 [JavaFX Application Thread] DEBUG MainWindow           - Opening main window
10:49:51.896 [JavaFX Application Thread] DEBUG MainWindow           - Window border size: (2.0, 31.0)
10:49:51.896 [JavaFX Application Thread] DEBUG MainWindow           - Scaled size: 1900.0 x 1000.0
10:49:51.897 [JavaFX Application Thread] DEBUG MainWindow           - Scaled ratio: (1.0, 1.0)
10:49:51.897 [JavaFX Application Thread] DEBUG MainWindow           - Scene size: 1900.0 x 1000.0
10:49:51.897 [JavaFX Application Thread] DEBUG MainWindow           - Stage size: 1902.0 x 1031.0
10:49:51.948 [ForkJoinPool.commonPool-worker-1] DEBUG FS                   - Loaded DesktopFSService
10:49:51.948 [ForkJoinPool.commonPool-worker-1] DEBUG FXGL                 - Loading FXGL system data
10:49:51.966 [ForkJoinPool.commonPool-worker-1] DEBUG DesktopFSService     - Reading from: system/fxgl.bundle
10:49:51.984 [ForkJoinPool.commonPool-worker-1] DEBUG Bundle               - Logging bundle: FXGL
10:49:51.985 [ForkJoinPool.commonPool-worker-1] DEBUG Bundle               - FXGL.offline.timer.version.check=2018-10-30T11:46:37.366
10:49:51.986 [ForkJoinPool.commonPool-worker-1] DEBUG FXGL                 - Initializing state machine and application states
10:49:51.988 [ForkJoinPool.commonPool-worker-1] DEBUG AssetLoader          - Loading from disk: /assets/ui/cursors/fxgl_default.png
10:49:51.992 [ForkJoinPool.commonPool-worker-1] DEBUG AssetLoader          - Loading from disk: /assets/ui/cursors/fxgl_default.png
10:49:51.998 [ForkJoinPool.commonPool-worker-1] DEBUG AssetLoader          - Loading from cache: /assets/ui/fonts/VarelaRound-Regular.ttf
10:49:52.002 [ForkJoinPool.commonPool-worker-1] DEBUG AssetLoader          - Loading from disk: /assets/ui/cursors/fxgl_default.png
10:49:52.019 [ForkJoinPool.commonPool-worker-1] DEBUG GameScene            - Game scene initialized: 1900x1000
10:49:52.037 [ForkJoinPool.commonPool-worker-1] DEBUG GameWorld            - Game world initialized
10:49:52.175 [ForkJoinPool.commonPool-worker-1] DEBUG PhysicsWorld         - Physics world initialized: appHeight=1000, physics.ppm=50.0
10:49:52.200 [ForkJoinPool.commonPool-worker-1] DEBUG Input                - Registered new binding: Pause - Esc
10:49:52.270 [JavaFX Application Thread] DEBUG FXGL                 - Running preInit()
10:49:52.272 [JavaFX Application Thread] DEBUG Input                - Registered new binding: Screenshot - P
10:49:52.272 [JavaFX Application Thread] DEBUG Input                - Registered new binding: Dev Options - CTRL+0
10:49:52.272 [JavaFX Application Thread] DEBUG Input                - Registered new binding: System info dump - CTRL+9
10:49:52.273 [JavaFX Application Thread] DEBUG Input                - Registered new binding: Restart - CTRL+R
10:49:52.273 [JavaFX Application Thread] INFO  FXGL                 - FXGL initialization took: 0.929 sec
10:49:52.274 [JavaFX Application Thread] DEBUG LoopRunner           - Starting loop
10:49:52.276 [JavaFX Application Thread] DEBUG StartupState         - STARTUP
10:49:52.276 [JavaFX Application Thread] DEBUG GameApplication      - Starting new game
10:49:52.276 [JavaFX Application Thread] DEBUG Input                - Clearing active input actions
10:49:52.279 [JavaFX Application Thread] DEBUG AssetLoader          - Loading from disk: /assets/ui/css/fxgl_dark.css
10:49:52.287 [JavaFX Application Thread] DEBUG AppStateMachine      - StartupState -> LoadingState
10:49:52.293 [FXGL Background Thread 1 ] DEBUG InitAppTask          - Clearing previous game
10:49:52.293 [FXGL Background Thread 1 ] DEBUG GameWorld            - Clearing game world
10:49:52.293 [FXGL Background Thread 1 ] DEBUG PhysicsWorld         - Clearing physics world
10:49:52.293 [FXGL Background Thread 1 ] DEBUG GameScene            - Clearing game scene
10:49:52.294 [FXGL Background Thread 1 ] DEBUG InitAppTask          - Initializing Game
10:49:52.490 [FXGL Background Thread 1 ] DEBUG GameScene            - Creating render group for layer: DEFAULT(100000)
10:49:52.491 [FXGL Background Thread 1 ] DEBUG InitAppTask          - Initializing Physics
10:49:52.491 [FXGL Background Thread 1 ] DEBUG InitAppTask          - Initializing UI
10:49:52.491 [FXGL Background Thread 1 ] DEBUG InitAppTask          - Initialization Complete
10:49:52.492 [FXGL Background Thread 1 ] INFO  InitAppTask          - Game initialization took: 0.199 sec
10:49:52.493 [JavaFX Application Thread] DEBUG Input                - Clearing active input actions
10:49:52.494 [JavaFX Application Thread] DEBUG AssetLoader          - Loading from disk: /assets/ui/css/fxgl_dark.css
10:49:52.512 [JavaFX Application Thread] DEBUG AppStateMachine      - LoadingState -> PlayState
10:49:54.232 [JavaFX Application Thread] DEBUG FXGL                 - Exiting FXGL
10:49:54.233 [JavaFX Application Thread] DEBUG FXGL                 - Shutting down background threads
10:49:54.233 [JavaFX Application Thread] DEBUG FXGL                 - Saving FXGL system data
10:49:54.248 [JavaFX Application Thread] DEBUG DesktopFSService     - Writing to: system/fxgl.bundle
10:49:54.254 [JavaFX Application Thread] DEBUG FXGL                 - Closing logger and exiting JavaFX
