10:39:31.940 [JavaFX Application Thread] DEBUG GameApplication      - Logger initialized
10:39:31.944 [JavaFX Application Thread] DEBUG GameApplication      - Logging settings
Title: Tile Rummy
Version: 0.1
Width: 1900
Height: 1000
Fullscreen: false
Intro: false
Menus: false
Profiling: false
Single step:false
App Mode: DEVELOPER
Menu Key: ESCAPE
Stage Style: DECORATED
Scene Factory: class com.almasb.fxgl.scene.SceneFactory
Dialog Factory: class com.almasb.fxgl.ui.FXGLDialogFactory
UI Factory: class com.almasb.fxgl.ui.FXGLUIFactory
Notification Service: class com.almasb.fxgl.gameplay.notification.XboxNotificationView
Exception Handler: class com.almasb.fxgl.app.FXGLExceptionHandler
10:39:31.944 [JavaFX Application Thread] DEBUG GameApplication      - Starting FXGL
10:39:31.990 [JavaFX Application Thread] INFO  FXGL                 - FXGL-0.5.4 on DESKTOP
10:39:31.990 [JavaFX Application Thread] INFO  FXGL                 - Source code and latest versions at: https://github.com/AlmasB/FXGL
10:39:31.990 [JavaFX Application Thread] INFO  FXGL                 -              Join the FXGL chat at: https://gitter.im/AlmasB/FXGL
10:39:31.991 [JavaFX Application Thread] DEBUG FXGL                 - FXGL started
10:39:31.991 [JavaFX Application Thread] DEBUG FXGL                 - Initializing FXGL
10:39:32.068 [JavaFX Application Thread] DEBUG AssetLoader          - Loading from disk: /assets/ui/cursors/fxgl_default.png
10:39:32.179 [JavaFX Application Thread] DEBUG AssetLoader          - Loading from disk: /assets/ui/fonts/VarelaRound-Regular.ttf
10:39:32.241 [JavaFX Application Thread] DEBUG MainWindow           - Creating a JavaFX scene
10:39:32.283 [JavaFX Application Thread] DEBUG MainWindow           - Target settings size: 1900.0 x 1000.0
10:39:32.283 [JavaFX Application Thread] DEBUG MainWindow           - Scaled scene size:    1900.0 x 1000.0
10:39:32.284 [JavaFX Application Thread] DEBUG MainWindow           - Scaled ratio: (1.0, 1.0)
10:39:32.286 [JavaFX Application Thread] DEBUG AssetLoader          - Loading from disk: /assets/ui/css/fxgl_dark.css
10:39:32.295 [JavaFX Application Thread] DEBUG AssetLoader          - Loading from disk: /assets/textures/fxgl_icon.png
10:39:32.320 [JavaFX Application Thread] DEBUG MainWindow           - Opening main window
10:39:32.532 [JavaFX Application Thread] DEBUG MainWindow           - Window border size: (2.0, 31.0)
10:39:32.532 [JavaFX Application Thread] DEBUG MainWindow           - Scaled size: 1900.0 x 1000.0
10:39:32.533 [JavaFX Application Thread] DEBUG MainWindow           - Scaled ratio: (1.0, 1.0)
10:39:32.533 [JavaFX Application Thread] DEBUG MainWindow           - Scene size: 1900.0 x 1000.0
10:39:32.533 [JavaFX Application Thread] DEBUG MainWindow           - Stage size: 1902.0 x 1031.0
10:39:32.585 [ForkJoinPool.commonPool-worker-1] DEBUG FS                   - Loaded DesktopFSService
10:39:32.585 [ForkJoinPool.commonPool-worker-1] DEBUG FXGL                 - Loading FXGL system data
10:39:32.594 [ForkJoinPool.commonPool-worker-1] DEBUG DesktopFSService     - Reading from: system/fxgl.bundle
10:39:32.614 [ForkJoinPool.commonPool-worker-1] DEBUG Bundle               - Logging bundle: FXGL
10:39:32.616 [ForkJoinPool.commonPool-worker-1] DEBUG Bundle               - FXGL.offline.timer.version.check=2018-10-30T11:46:37.366
10:39:32.635 [ForkJoinPool.commonPool-worker-1] DEBUG FXGL                 - Initializing state machine and application states
10:39:32.640 [ForkJoinPool.commonPool-worker-1] DEBUG AssetLoader          - Loading from disk: /assets/ui/cursors/fxgl_default.png
10:39:32.648 [ForkJoinPool.commonPool-worker-1] DEBUG AssetLoader          - Loading from disk: /assets/ui/cursors/fxgl_default.png
10:39:32.656 [ForkJoinPool.commonPool-worker-1] DEBUG AssetLoader          - Loading from cache: /assets/ui/fonts/VarelaRound-Regular.ttf
10:39:32.659 [ForkJoinPool.commonPool-worker-1] DEBUG AssetLoader          - Loading from disk: /assets/ui/cursors/fxgl_default.png
10:39:32.662 [ForkJoinPool.commonPool-worker-1] DEBUG GameScene            - Game scene initialized: 1900x1000
10:39:32.675 [ForkJoinPool.commonPool-worker-1] DEBUG GameWorld            - Game world initialized
10:39:32.743 [ForkJoinPool.commonPool-worker-1] DEBUG PhysicsWorld         - Physics world initialized: appHeight=1000, physics.ppm=50.0
10:39:32.762 [ForkJoinPool.commonPool-worker-1] DEBUG Input                - Registered new binding: Pause - Esc
10:39:32.846 [JavaFX Application Thread] DEBUG FXGL                 - Running preInit()
10:39:32.850 [JavaFX Application Thread] DEBUG Input                - Registered new binding: Screenshot - P
10:39:32.851 [JavaFX Application Thread] DEBUG Input                - Registered new binding: Dev Options - CTRL+0
10:39:32.853 [JavaFX Application Thread] DEBUG Input                - Registered new binding: System info dump - CTRL+9
10:39:32.853 [JavaFX Application Thread] DEBUG Input                - Registered new binding: Restart - CTRL+R
10:39:32.854 [JavaFX Application Thread] INFO  FXGL                 - FXGL initialization took: 0.863 sec
10:39:32.854 [JavaFX Application Thread] DEBUG LoopRunner           - Starting loop
10:39:32.859 [JavaFX Application Thread] DEBUG StartupState         - STARTUP
10:39:32.859 [JavaFX Application Thread] DEBUG GameApplication      - Starting new game
10:39:32.859 [JavaFX Application Thread] DEBUG Input                - Clearing active input actions
10:39:32.861 [JavaFX Application Thread] DEBUG AssetLoader          - Loading from disk: /assets/ui/css/fxgl_dark.css
10:39:32.868 [JavaFX Application Thread] DEBUG AppStateMachine      - StartupState -> LoadingState
10:39:32.893 [FXGL Background Thread 1 ] DEBUG InitAppTask          - Clearing previous game
10:39:32.893 [FXGL Background Thread 1 ] DEBUG GameWorld            - Clearing game world
10:39:32.893 [FXGL Background Thread 1 ] DEBUG PhysicsWorld         - Clearing physics world
10:39:32.893 [FXGL Background Thread 1 ] DEBUG GameScene            - Clearing game scene
10:39:32.894 [FXGL Background Thread 1 ] DEBUG InitAppTask          - Initializing Game
10:39:33.272 [FXGL Background Thread 1 ] DEBUG GameScene            - Creating render group for layer: DEFAULT(100000)
10:39:33.285 [FXGL Background Thread 1 ] DEBUG InitAppTask          - Initializing Physics
10:39:33.285 [FXGL Background Thread 1 ] DEBUG InitAppTask          - Initializing UI
10:39:33.285 [FXGL Background Thread 1 ] DEBUG InitAppTask          - Initialization Complete
10:39:33.285 [FXGL Background Thread 1 ] INFO  InitAppTask          - Game initialization took: 0.392 sec
10:39:33.291 [JavaFX Application Thread] DEBUG Input                - Clearing active input actions
10:39:33.292 [JavaFX Application Thread] DEBUG AssetLoader          - Loading from disk: /assets/ui/css/fxgl_dark.css
10:39:33.403 [JavaFX Application Thread] DEBUG AppStateMachine      - LoadingState -> PlayState
10:39:40.720 [JavaFX Application Thread] DEBUG Input                - Registered new binding: Resume - Esc
10:39:40.721 [JavaFX Application Thread] DEBUG AssetLoader          - Loading from disk: /assets/textures/pause_menu_bg.png
10:39:40.731 [JavaFX Application Thread] DEBUG AssetLoader          - Loading from disk: /assets/properties/languages/english.properties
10:39:40.733 [JavaFX Application Thread] DEBUG AssetLoader          - Loading from cache: /assets/ui/fonts/VarelaRound-Regular.ttf
10:39:40.736 [JavaFX Application Thread] DEBUG AssetLoader          - Loading from cache: /assets/properties/languages/english.properties
10:39:40.736 [JavaFX Application Thread] DEBUG AssetLoader          - Loading from cache: /assets/ui/fonts/VarelaRound-Regular.ttf
10:41:16.685 [JavaFX Application Thread] DEBUG FXGL                 - Exiting FXGL
10:41:16.686 [JavaFX Application Thread] DEBUG FXGL                 - Shutting down background threads
10:41:16.686 [JavaFX Application Thread] DEBUG FXGL                 - Saving FXGL system data
10:41:16.690 [JavaFX Application Thread] DEBUG DesktopFSService     - Writing to: system/fxgl.bundle
10:41:16.694 [JavaFX Application Thread] DEBUG FXGL                 - Closing logger and exiting JavaFX
