17:53:48.347 [JavaFX Application Thread] DEBUG GameApplication      - Logger initialized
17:53:48.352 [JavaFX Application Thread] DEBUG GameApplication      - Logging settings
Title: Tile Rummy
Version: 0.1
Width: 1900
Height: 1000
Fullscreen: false
Intro: false
Menus: false
Profiling: false
Single step:false
App Mode: DEVELOPER
Menu Key: ESCAPE
Stage Style: DECORATED
Scene Factory: class com.almasb.fxgl.scene.SceneFactory
Dialog Factory: class com.almasb.fxgl.ui.FXGLDialogFactory
UI Factory: class com.almasb.fxgl.ui.FXGLUIFactory
Notification Service: class com.almasb.fxgl.gameplay.notification.XboxNotificationView
Exception Handler: class com.almasb.fxgl.app.FXGLExceptionHandler
17:53:48.352 [JavaFX Application Thread] DEBUG GameApplication      - Starting FXGL
17:53:48.360 [JavaFX Application Thread] INFO  FXGL                 - FXGL-0.5.4 on DESKTOP
17:53:48.360 [JavaFX Application Thread] INFO  FXGL                 - Source code and latest versions at: https://github.com/AlmasB/FXGL
17:53:48.361 [JavaFX Application Thread] INFO  FXGL                 -              Join the FXGL chat at: https://gitter.im/AlmasB/FXGL
17:53:48.361 [JavaFX Application Thread] DEBUG FXGL                 - FXGL started
17:53:48.361 [JavaFX Application Thread] DEBUG FXGL                 - Initializing FXGL
17:53:48.403 [JavaFX Application Thread] DEBUG AssetLoader          - Loading from disk: /assets/ui/cursors/fxgl_default.png
17:53:48.502 [JavaFX Application Thread] DEBUG AssetLoader          - Loading from disk: /assets/ui/fonts/VarelaRound-Regular.ttf
17:53:48.547 [JavaFX Application Thread] DEBUG MainWindow           - Creating a JavaFX scene
17:53:48.578 [JavaFX Application Thread] DEBUG MainWindow           - Target settings size: 1900.0 x 1000.0
17:53:48.579 [JavaFX Application Thread] DEBUG MainWindow           - Scaled scene size:    1900.0 x 1000.0
17:53:48.579 [JavaFX Application Thread] DEBUG MainWindow           - Scaled ratio: (1.0, 1.0)
17:53:48.582 [JavaFX Application Thread] DEBUG AssetLoader          - Loading from disk: /assets/ui/css/fxgl_dark.css
17:53:48.586 [JavaFX Application Thread] DEBUG AssetLoader          - Loading from disk: /assets/textures/fxgl_icon.png
17:53:48.602 [JavaFX Application Thread] DEBUG MainWindow           - Opening main window
17:53:48.754 [JavaFX Application Thread] DEBUG MainWindow           - Window border size: (2.0, 31.0)
17:53:48.755 [JavaFX Application Thread] DEBUG MainWindow           - Scaled size: 1900.0 x 1000.0
17:53:48.755 [JavaFX Application Thread] DEBUG MainWindow           - Scaled ratio: (1.0, 1.0)
17:53:48.757 [JavaFX Application Thread] DEBUG MainWindow           - Scene size: 1900.0 x 1000.0
17:53:48.757 [JavaFX Application Thread] DEBUG MainWindow           - Stage size: 1902.0 x 1031.0
17:53:48.887 [ForkJoinPool.commonPool-worker-1] DEBUG FS                   - Loaded DesktopFSService
17:53:48.888 [ForkJoinPool.commonPool-worker-1] DEBUG FXGL                 - Loading FXGL system data
17:53:48.895 [ForkJoinPool.commonPool-worker-1] DEBUG DesktopFSService     - Reading from: system/fxgl.bundle
17:53:48.949 [ForkJoinPool.commonPool-worker-1] DEBUG Bundle               - Logging bundle: FXGL
17:53:48.956 [ForkJoinPool.commonPool-worker-1] DEBUG Bundle               - FXGL.offline.timer.version.check=2018-10-30T11:46:37.366
17:53:48.963 [ForkJoinPool.commonPool-worker-1] DEBUG FXGL                 - Initializing state machine and application states
17:53:48.970 [ForkJoinPool.commonPool-worker-1] DEBUG AssetLoader          - Loading from disk: /assets/ui/cursors/fxgl_default.png
17:53:48.976 [ForkJoinPool.commonPool-worker-1] DEBUG AssetLoader          - Loading from disk: /assets/ui/cursors/fxgl_default.png
17:53:48.986 [ForkJoinPool.commonPool-worker-1] DEBUG AssetLoader          - Loading from cache: /assets/ui/fonts/VarelaRound-Regular.ttf
17:53:48.998 [ForkJoinPool.commonPool-worker-1] DEBUG AssetLoader          - Loading from disk: /assets/ui/cursors/fxgl_default.png
17:53:49.021 [ForkJoinPool.commonPool-worker-1] DEBUG GameScene            - Game scene initialized: 1900x1000
17:53:49.029 [ForkJoinPool.commonPool-worker-1] DEBUG GameWorld            - Game world initialized
17:53:49.122 [ForkJoinPool.commonPool-worker-1] DEBUG PhysicsWorld         - Physics world initialized: appHeight=1000, physics.ppm=50.0
17:53:49.141 [ForkJoinPool.commonPool-worker-1] DEBUG Input                - Registered new binding: Pause - Esc
17:53:49.180 [JavaFX Application Thread] DEBUG FXGL                 - Running preInit()
17:53:49.182 [JavaFX Application Thread] DEBUG Input                - Registered new binding: Screenshot - P
17:53:49.182 [JavaFX Application Thread] DEBUG Input                - Registered new binding: Dev Options - CTRL+0
17:53:49.182 [JavaFX Application Thread] DEBUG Input                - Registered new binding: System info dump - CTRL+9
17:53:49.183 [JavaFX Application Thread] DEBUG Input                - Registered new binding: Restart - CTRL+R
17:53:49.184 [JavaFX Application Thread] INFO  FXGL                 - FXGL initialization took: 0.822 sec
17:53:49.184 [JavaFX Application Thread] DEBUG LoopRunner           - Starting loop
17:53:49.185 [JavaFX Application Thread] DEBUG StartupState         - STARTUP
17:53:49.185 [JavaFX Application Thread] DEBUG GameApplication      - Starting new game
17:53:49.185 [JavaFX Application Thread] DEBUG Input                - Clearing active input actions
17:53:49.186 [JavaFX Application Thread] DEBUG AssetLoader          - Loading from disk: /assets/ui/css/fxgl_dark.css
17:53:49.200 [JavaFX Application Thread] DEBUG AppStateMachine      - StartupState -> LoadingState
17:53:49.211 [FXGL Background Thread 1 ] DEBUG InitAppTask          - Clearing previous game
17:53:49.211 [FXGL Background Thread 1 ] DEBUG GameWorld            - Clearing game world
17:53:49.212 [FXGL Background Thread 1 ] DEBUG PhysicsWorld         - Clearing physics world
17:53:49.212 [FXGL Background Thread 1 ] DEBUG GameScene            - Clearing game scene
17:53:49.213 [FXGL Background Thread 1 ] DEBUG InitAppTask          - Initializing Game
17:53:49.449 [JavaFX Application Thread] FATAL FXGL                 - Uncaught Exception:

Fatal exception occurred: java.lang.IllegalStateException : Can not load hand
E: project.rummy.gui.views.HandView.loadHandView(HandView.java:31)
E: project.rummy.gui.views.HandView.<init>(HandView.java:22)
E: project.rummy.gui.views.EntitiesBuilder.buildHand(EntitiesBuilder.java:31)
E: project.rummy.main.TileRummyApplication.initGame(TileRummyApplication.java:51)
E: com.almasb.fxgl.app.GameApplication.internalInitGame(GameApplication.java:238)
E: com.almasb.fxgl.app.LoadingState$InitAppTask.initGame(AppStates.kt:168)
E: com.almasb.fxgl.app.LoadingState$InitAppTask.call(AppStates.kt:138)
E: com.almasb.fxgl.app.LoadingState$InitAppTask.call(AppStates.kt:127)
E: javafx.concurrent.Task$TaskCallable.call(Task.java:1423)
E: java.util.concurrent.FutureTask.run(FutureTask.java:266)
E: java.util.concurrent.Executors$RunnableAdapter.call(Executors.java:511)
E: java.util.concurrent.FutureTask.run(FutureTask.java:266)
E: java.util.concurrent.ThreadPoolExecutor.runWorker(ThreadPoolExecutor.java:1149)
E: java.util.concurrent.ThreadPoolExecutor$Worker.run(ThreadPoolExecutor.java:624)
E: java.lang.Thread.run(Thread.java:748)

17:53:49.449 [JavaFX Application Thread] FATAL FXGL                 - Application will now exit
17:53:49.449 [JavaFX Application Thread] DEBUG LoopRunner           - Stopping loop
17:53:51.195 [JavaFX Application Thread] DEBUG FXGL                 - Exiting FXGL
17:53:51.195 [JavaFX Application Thread] DEBUG FXGL                 - Shutting down background threads
17:53:51.196 [JavaFX Application Thread] DEBUG FXGL                 - Saving FXGL system data
17:53:51.200 [JavaFX Application Thread] DEBUG DesktopFSService     - Writing to: system/fxgl.bundle
17:53:51.214 [JavaFX Application Thread] DEBUG FXGL                 - Closing logger and exiting JavaFX
