10:59:32.948 [JavaFX Application Thread] DEBUG GameApplication      - Logger initialized
10:59:32.953 [JavaFX Application Thread] DEBUG GameApplication      - Logging settings
Title: Tile Rummy
Version: 0.1
Width: 1900
Height: 1000
Fullscreen: false
Intro: false
Menus: false
Profiling: false
Single step:false
App Mode: DEVELOPER
Menu Key: ESCAPE
Stage Style: DECORATED
Scene Factory: class com.almasb.fxgl.scene.SceneFactory
Dialog Factory: class com.almasb.fxgl.ui.FXGLDialogFactory
UI Factory: class com.almasb.fxgl.ui.FXGLUIFactory
Notification Service: class com.almasb.fxgl.gameplay.notification.XboxNotificationView
Exception Handler: class com.almasb.fxgl.app.FXGLExceptionHandler
10:59:32.953 [JavaFX Application Thread] DEBUG GameApplication      - Starting FXGL
10:59:32.965 [JavaFX Application Thread] INFO  FXGL                 - FXGL-0.5.4 on DESKTOP
10:59:32.966 [JavaFX Application Thread] INFO  FXGL                 - Source code and latest versions at: https://github.com/AlmasB/FXGL
10:59:32.966 [JavaFX Application Thread] INFO  FXGL                 -              Join the FXGL chat at: https://gitter.im/AlmasB/FXGL
10:59:32.966 [JavaFX Application Thread] DEBUG FXGL                 - FXGL started
10:59:32.966 [JavaFX Application Thread] DEBUG FXGL                 - Initializing FXGL
10:59:33.014 [JavaFX Application Thread] DEBUG AssetLoader          - Loading from disk: /assets/ui/cursors/fxgl_default.png
10:59:33.119 [JavaFX Application Thread] DEBUG AssetLoader          - Loading from disk: /assets/ui/fonts/VarelaRound-Regular.ttf
10:59:33.183 [JavaFX Application Thread] DEBUG MainWindow           - Creating a JavaFX scene
10:59:33.220 [JavaFX Application Thread] DEBUG MainWindow           - Target settings size: 1900.0 x 1000.0
10:59:33.221 [JavaFX Application Thread] DEBUG MainWindow           - Scaled scene size:    1900.0 x 1000.0
10:59:33.221 [JavaFX Application Thread] DEBUG MainWindow           - Scaled ratio: (1.0, 1.0)
10:59:33.223 [JavaFX Application Thread] DEBUG AssetLoader          - Loading from disk: /assets/ui/css/fxgl_dark.css
10:59:33.227 [JavaFX Application Thread] DEBUG AssetLoader          - Loading from disk: /assets/textures/fxgl_icon.png
10:59:33.252 [JavaFX Application Thread] DEBUG MainWindow           - Opening main window
10:59:33.469 [JavaFX Application Thread] DEBUG MainWindow           - Window border size: (2.0, 31.0)
10:59:33.469 [JavaFX Application Thread] DEBUG MainWindow           - Scaled size: 1900.0 x 1000.0
10:59:33.469 [JavaFX Application Thread] DEBUG MainWindow           - Scaled ratio: (1.0, 1.0)
10:59:33.469 [JavaFX Application Thread] DEBUG MainWindow           - Scene size: 1900.0 x 1000.0
10:59:33.469 [JavaFX Application Thread] DEBUG MainWindow           - Stage size: 1902.0 x 1031.0
10:59:33.509 [ForkJoinPool.commonPool-worker-1] DEBUG FS                   - Loaded DesktopFSService
10:59:33.509 [ForkJoinPool.commonPool-worker-1] DEBUG FXGL                 - Loading FXGL system data
10:59:33.527 [ForkJoinPool.commonPool-worker-1] DEBUG DesktopFSService     - Reading from: system/fxgl.bundle
10:59:33.535 [ForkJoinPool.commonPool-worker-1] DEBUG Bundle               - Logging bundle: FXGL
10:59:33.536 [ForkJoinPool.commonPool-worker-1] DEBUG Bundle               - FXGL.offline.timer.version.check=2018-10-30T11:46:37.366
10:59:33.555 [ForkJoinPool.commonPool-worker-1] DEBUG FXGL                 - Initializing state machine and application states
10:59:33.561 [ForkJoinPool.commonPool-worker-1] DEBUG AssetLoader          - Loading from disk: /assets/ui/cursors/fxgl_default.png
10:59:33.568 [ForkJoinPool.commonPool-worker-1] DEBUG AssetLoader          - Loading from disk: /assets/ui/cursors/fxgl_default.png
10:59:33.584 [ForkJoinPool.commonPool-worker-1] DEBUG AssetLoader          - Loading from cache: /assets/ui/fonts/VarelaRound-Regular.ttf
10:59:33.587 [ForkJoinPool.commonPool-worker-1] DEBUG AssetLoader          - Loading from disk: /assets/ui/cursors/fxgl_default.png
10:59:33.593 [ForkJoinPool.commonPool-worker-1] DEBUG GameScene            - Game scene initialized: 1900x1000
10:59:33.599 [ForkJoinPool.commonPool-worker-1] DEBUG GameWorld            - Game world initialized
10:59:33.697 [ForkJoinPool.commonPool-worker-1] DEBUG PhysicsWorld         - Physics world initialized: appHeight=1000, physics.ppm=50.0
10:59:33.728 [ForkJoinPool.commonPool-worker-1] DEBUG Input                - Registered new binding: Pause - Esc
10:59:33.792 [JavaFX Application Thread] DEBUG FXGL                 - Running preInit()
10:59:33.793 [JavaFX Application Thread] DEBUG Input                - Registered new binding: Screenshot - P
10:59:33.793 [JavaFX Application Thread] DEBUG Input                - Registered new binding: Dev Options - CTRL+0
10:59:33.794 [JavaFX Application Thread] DEBUG Input                - Registered new binding: System info dump - CTRL+9
10:59:33.794 [JavaFX Application Thread] DEBUG Input                - Registered new binding: Restart - CTRL+R
10:59:33.795 [JavaFX Application Thread] INFO  FXGL                 - FXGL initialization took: 0.828 sec
10:59:33.795 [JavaFX Application Thread] DEBUG LoopRunner           - Starting loop
10:59:33.796 [JavaFX Application Thread] DEBUG StartupState         - STARTUP
10:59:33.796 [JavaFX Application Thread] DEBUG GameApplication      - Starting new game
10:59:33.796 [JavaFX Application Thread] DEBUG Input                - Clearing active input actions
10:59:33.797 [JavaFX Application Thread] DEBUG AssetLoader          - Loading from disk: /assets/ui/css/fxgl_dark.css
10:59:33.807 [JavaFX Application Thread] DEBUG AppStateMachine      - StartupState -> LoadingState
10:59:33.812 [FXGL Background Thread 1 ] DEBUG InitAppTask          - Clearing previous game
10:59:33.812 [FXGL Background Thread 1 ] DEBUG GameWorld            - Clearing game world
10:59:33.812 [FXGL Background Thread 1 ] DEBUG PhysicsWorld         - Clearing physics world
10:59:33.812 [FXGL Background Thread 1 ] DEBUG GameScene            - Clearing game scene
10:59:33.830 [FXGL Background Thread 1 ] DEBUG InitAppTask          - Initializing Game
10:59:34.379 [FXGL Background Thread 1 ] DEBUG GameScene            - Creating render group for layer: DEFAULT(100000)
10:59:34.381 [FXGL Background Thread 1 ] DEBUG InitAppTask          - Initializing Physics
10:59:34.381 [FXGL Background Thread 1 ] DEBUG InitAppTask          - Initializing UI
10:59:34.381 [FXGL Background Thread 1 ] DEBUG InitAppTask          - Initialization Complete
10:59:34.381 [FXGL Background Thread 1 ] INFO  InitAppTask          - Game initialization took: 0.569 sec
10:59:34.391 [JavaFX Application Thread] DEBUG Input                - Clearing active input actions
10:59:34.392 [JavaFX Application Thread] DEBUG AssetLoader          - Loading from disk: /assets/ui/css/fxgl_dark.css
10:59:34.476 [JavaFX Application Thread] DEBUG AppStateMachine      - LoadingState -> PlayState
10:59:36.011 [JavaFX Application Thread] DEBUG FXGL                 - Exiting FXGL
10:59:36.011 [JavaFX Application Thread] DEBUG FXGL                 - Shutting down background threads
10:59:36.011 [JavaFX Application Thread] DEBUG FXGL                 - Saving FXGL system data
10:59:36.015 [JavaFX Application Thread] DEBUG DesktopFSService     - Writing to: system/fxgl.bundle
10:59:36.020 [JavaFX Application Thread] DEBUG FXGL                 - Closing logger and exiting JavaFX
