17:58:49.173 [JavaFX Application Thread] DEBUG GameApplication      - Logger initialized
17:58:49.177 [JavaFX Application Thread] DEBUG GameApplication      - Logging settings
Title: Tile Rummy
Version: 0.1
Width: 1900
Height: 1000
Fullscreen: false
Intro: false
Menus: false
Profiling: false
Single step:false
App Mode: DEVELOPER
Menu Key: ESCAPE
Stage Style: DECORATED
Scene Factory: class com.almasb.fxgl.scene.SceneFactory
Dialog Factory: class com.almasb.fxgl.ui.FXGLDialogFactory
UI Factory: class com.almasb.fxgl.ui.FXGLUIFactory
Notification Service: class com.almasb.fxgl.gameplay.notification.XboxNotificationView
Exception Handler: class com.almasb.fxgl.app.FXGLExceptionHandler
17:58:49.177 [JavaFX Application Thread] DEBUG GameApplication      - Starting FXGL
17:58:49.195 [JavaFX Application Thread] INFO  FXGL                 - FXGL-0.5.4 on DESKTOP
17:58:49.195 [JavaFX Application Thread] INFO  FXGL                 - Source code and latest versions at: https://github.com/AlmasB/FXGL
17:58:49.196 [JavaFX Application Thread] INFO  FXGL                 -              Join the FXGL chat at: https://gitter.im/AlmasB/FXGL
17:58:49.196 [JavaFX Application Thread] DEBUG FXGL                 - FXGL started
17:58:49.196 [JavaFX Application Thread] DEBUG FXGL                 - Initializing FXGL
17:58:49.244 [JavaFX Application Thread] DEBUG AssetLoader          - Loading from disk: /assets/ui/cursors/fxgl_default.png
17:58:49.345 [JavaFX Application Thread] DEBUG AssetLoader          - Loading from disk: /assets/ui/fonts/VarelaRound-Regular.ttf
17:58:49.395 [JavaFX Application Thread] DEBUG MainWindow           - Creating a JavaFX scene
17:58:49.425 [JavaFX Application Thread] DEBUG MainWindow           - Target settings size: 1900.0 x 1000.0
17:58:49.426 [JavaFX Application Thread] DEBUG MainWindow           - Scaled scene size:    1900.0 x 1000.0
17:58:49.426 [JavaFX Application Thread] DEBUG MainWindow           - Scaled ratio: (1.0, 1.0)
17:58:49.428 [JavaFX Application Thread] DEBUG AssetLoader          - Loading from disk: /assets/ui/css/fxgl_dark.css
17:58:49.431 [JavaFX Application Thread] DEBUG AssetLoader          - Loading from disk: /assets/textures/fxgl_icon.png
17:58:49.445 [JavaFX Application Thread] DEBUG MainWindow           - Opening main window
17:58:49.653 [JavaFX Application Thread] DEBUG MainWindow           - Window border size: (2.0, 31.0)
17:58:49.654 [JavaFX Application Thread] DEBUG MainWindow           - Scaled size: 1900.0 x 1000.0
17:58:49.654 [JavaFX Application Thread] DEBUG MainWindow           - Scaled ratio: (1.0, 1.0)
17:58:49.654 [JavaFX Application Thread] DEBUG MainWindow           - Scene size: 1900.0 x 1000.0
17:58:49.654 [JavaFX Application Thread] DEBUG MainWindow           - Stage size: 1902.0 x 1031.0
17:58:49.755 [ForkJoinPool.commonPool-worker-1] DEBUG FS                   - Loaded DesktopFSService
17:58:49.756 [ForkJoinPool.commonPool-worker-1] DEBUG FXGL                 - Loading FXGL system data
17:58:49.779 [ForkJoinPool.commonPool-worker-1] DEBUG DesktopFSService     - Reading from: system/fxgl.bundle
17:58:49.795 [ForkJoinPool.commonPool-worker-1] DEBUG Bundle               - Logging bundle: FXGL
17:58:49.796 [ForkJoinPool.commonPool-worker-1] DEBUG Bundle               - FXGL.offline.timer.version.check=2018-10-30T11:46:37.366
17:58:49.797 [ForkJoinPool.commonPool-worker-1] DEBUG FXGL                 - Initializing state machine and application states
17:58:49.798 [ForkJoinPool.commonPool-worker-1] DEBUG AssetLoader          - Loading from disk: /assets/ui/cursors/fxgl_default.png
17:58:49.802 [ForkJoinPool.commonPool-worker-1] DEBUG AssetLoader          - Loading from disk: /assets/ui/cursors/fxgl_default.png
17:58:49.811 [ForkJoinPool.commonPool-worker-1] DEBUG AssetLoader          - Loading from cache: /assets/ui/fonts/VarelaRound-Regular.ttf
17:58:49.815 [ForkJoinPool.commonPool-worker-1] DEBUG AssetLoader          - Loading from disk: /assets/ui/cursors/fxgl_default.png
17:58:49.818 [ForkJoinPool.commonPool-worker-1] DEBUG GameScene            - Game scene initialized: 1900x1000
17:58:49.832 [ForkJoinPool.commonPool-worker-1] DEBUG GameWorld            - Game world initialized
17:58:49.894 [ForkJoinPool.commonPool-worker-1] DEBUG PhysicsWorld         - Physics world initialized: appHeight=1000, physics.ppm=50.0
17:58:49.926 [ForkJoinPool.commonPool-worker-1] DEBUG Input                - Registered new binding: Pause - Esc
17:58:50.026 [JavaFX Application Thread] DEBUG FXGL                 - Running preInit()
17:58:50.041 [JavaFX Application Thread] DEBUG Input                - Registered new binding: Screenshot - P
17:58:50.042 [JavaFX Application Thread] DEBUG Input                - Registered new binding: Dev Options - CTRL+0
17:58:50.042 [JavaFX Application Thread] DEBUG Input                - Registered new binding: System info dump - CTRL+9
17:58:50.042 [JavaFX Application Thread] DEBUG Input                - Registered new binding: Restart - CTRL+R
17:58:50.048 [JavaFX Application Thread] INFO  FXGL                 - FXGL initialization took: 0.851 sec
17:58:50.053 [JavaFX Application Thread] DEBUG LoopRunner           - Starting loop
17:58:50.074 [JavaFX Application Thread] DEBUG StartupState         - STARTUP
17:58:50.074 [JavaFX Application Thread] DEBUG GameApplication      - Starting new game
17:58:50.075 [JavaFX Application Thread] DEBUG Input                - Clearing active input actions
17:58:50.076 [JavaFX Application Thread] DEBUG AssetLoader          - Loading from disk: /assets/ui/css/fxgl_dark.css
17:58:50.125 [JavaFX Application Thread] DEBUG AppStateMachine      - StartupState -> LoadingState
17:58:50.131 [FXGL Background Thread 1 ] DEBUG InitAppTask          - Clearing previous game
17:58:50.133 [FXGL Background Thread 1 ] DEBUG GameWorld            - Clearing game world
17:58:50.133 [FXGL Background Thread 1 ] DEBUG PhysicsWorld         - Clearing physics world
17:58:50.133 [FXGL Background Thread 1 ] DEBUG GameScene            - Clearing game scene
17:58:50.137 [FXGL Background Thread 1 ] DEBUG InitAppTask          - Initializing Game
17:58:50.606 [FXGL Background Thread 1 ] DEBUG GameScene            - Creating render group for layer: DEFAULT(100000)
17:58:50.608 [FXGL Background Thread 1 ] DEBUG InitAppTask          - Initializing Physics
17:58:50.609 [FXGL Background Thread 1 ] DEBUG InitAppTask          - Initializing UI
17:58:50.609 [FXGL Background Thread 1 ] DEBUG InitAppTask          - Initialization Complete
17:58:50.609 [FXGL Background Thread 1 ] INFO  InitAppTask          - Game initialization took: 0.478 sec
17:58:50.619 [JavaFX Application Thread] DEBUG Input                - Clearing active input actions
17:58:50.619 [JavaFX Application Thread] DEBUG AssetLoader          - Loading from disk: /assets/ui/css/fxgl_dark.css
17:58:50.652 [JavaFX Application Thread] DEBUG AppStateMachine      - LoadingState -> PlayState
17:58:57.088 [JavaFX Application Thread] DEBUG FXGL                 - Exiting FXGL
17:58:57.095 [JavaFX Application Thread] DEBUG FXGL                 - Shutting down background threads
17:58:57.097 [JavaFX Application Thread] DEBUG FXGL                 - Saving FXGL system data
17:58:57.102 [JavaFX Application Thread] DEBUG DesktopFSService     - Writing to: system/fxgl.bundle
17:58:57.108 [JavaFX Application Thread] DEBUG FXGL                 - Closing logger and exiting JavaFX
