20:04:09.502 [JavaFX Application Thread] DEBUG GameApplication      - Logger initialized
20:04:09.507 [JavaFX Application Thread] DEBUG GameApplication      - Logging settings
Title: Tile Rummy
Version: 0.1
Width: 1900
Height: 1000
Fullscreen: false
Intro: false
Menus: false
Profiling: false
Single step:false
App Mode: DEVELOPER
Menu Key: ESCAPE
Stage Style: DECORATED
Scene Factory: class com.almasb.fxgl.scene.SceneFactory
Dialog Factory: class com.almasb.fxgl.ui.FXGLDialogFactory
UI Factory: class com.almasb.fxgl.ui.FXGLUIFactory
Notification Service: class com.almasb.fxgl.gameplay.notification.XboxNotificationView
Exception Handler: class com.almasb.fxgl.app.FXGLExceptionHandler
20:04:09.508 [JavaFX Application Thread] DEBUG GameApplication      - Starting FXGL
20:04:09.527 [JavaFX Application Thread] INFO  FXGL                 - FXGL-0.5.4 on DESKTOP
20:04:09.527 [JavaFX Application Thread] INFO  FXGL                 - Source code and latest versions at: https://github.com/AlmasB/FXGL
20:04:09.527 [JavaFX Application Thread] INFO  FXGL                 -              Join the FXGL chat at: https://gitter.im/AlmasB/FXGL
20:04:09.528 [JavaFX Application Thread] DEBUG FXGL                 - FXGL started
20:04:09.528 [JavaFX Application Thread] DEBUG FXGL                 - Initializing FXGL
20:04:09.578 [JavaFX Application Thread] DEBUG AssetLoader          - Loading from disk: /assets/ui/cursors/fxgl_default.png
20:04:09.700 [JavaFX Application Thread] DEBUG AssetLoader          - Loading from disk: /assets/ui/fonts/VarelaRound-Regular.ttf
20:04:09.757 [JavaFX Application Thread] DEBUG MainWindow           - Creating a JavaFX scene
20:04:09.797 [JavaFX Application Thread] DEBUG MainWindow           - Target settings size: 1900.0 x 1000.0
20:04:09.798 [JavaFX Application Thread] DEBUG MainWindow           - Scaled scene size:    1900.0 x 1000.0
20:04:09.799 [JavaFX Application Thread] DEBUG MainWindow           - Scaled ratio: (1.0, 1.0)
20:04:09.801 [JavaFX Application Thread] DEBUG AssetLoader          - Loading from disk: /assets/ui/css/fxgl_dark.css
20:04:09.812 [JavaFX Application Thread] DEBUG AssetLoader          - Loading from disk: /assets/textures/fxgl_icon.png
20:04:09.834 [JavaFX Application Thread] DEBUG MainWindow           - Opening main window
20:04:10.031 [JavaFX Application Thread] DEBUG MainWindow           - Window border size: (2.0, 31.0)
20:04:10.031 [JavaFX Application Thread] DEBUG MainWindow           - Scaled size: 1900.0 x 1000.0
20:04:10.032 [JavaFX Application Thread] DEBUG MainWindow           - Scaled ratio: (1.0, 1.0)
20:04:10.033 [JavaFX Application Thread] DEBUG MainWindow           - Scene size: 1900.0 x 1000.0
20:04:10.034 [JavaFX Application Thread] DEBUG MainWindow           - Stage size: 1902.0 x 1031.0
20:04:10.127 [ForkJoinPool.commonPool-worker-1] DEBUG FS                   - Loaded DesktopFSService
20:04:10.127 [ForkJoinPool.commonPool-worker-1] DEBUG FXGL                 - Loading FXGL system data
20:04:10.142 [ForkJoinPool.commonPool-worker-1] DEBUG DesktopFSService     - Reading from: system/fxgl.bundle
20:04:10.190 [ForkJoinPool.commonPool-worker-1] DEBUG Bundle               - Logging bundle: FXGL
20:04:10.192 [ForkJoinPool.commonPool-worker-1] DEBUG Bundle               - FXGL.offline.timer.version.check=2018-10-30T11:46:37.366
20:04:10.192 [ForkJoinPool.commonPool-worker-1] DEBUG FXGL                 - Initializing state machine and application states
20:04:10.200 [ForkJoinPool.commonPool-worker-1] DEBUG AssetLoader          - Loading from disk: /assets/ui/cursors/fxgl_default.png
20:04:10.205 [ForkJoinPool.commonPool-worker-1] DEBUG AssetLoader          - Loading from disk: /assets/ui/cursors/fxgl_default.png
20:04:10.224 [ForkJoinPool.commonPool-worker-1] DEBUG AssetLoader          - Loading from cache: /assets/ui/fonts/VarelaRound-Regular.ttf
20:04:10.230 [ForkJoinPool.commonPool-worker-1] DEBUG AssetLoader          - Loading from disk: /assets/ui/cursors/fxgl_default.png
20:04:10.237 [ForkJoinPool.commonPool-worker-1] DEBUG GameScene            - Game scene initialized: 1900x1000
20:04:10.249 [ForkJoinPool.commonPool-worker-1] DEBUG GameWorld            - Game world initialized
20:04:10.340 [ForkJoinPool.commonPool-worker-1] DEBUG PhysicsWorld         - Physics world initialized: appHeight=1000, physics.ppm=50.0
20:04:10.361 [ForkJoinPool.commonPool-worker-1] DEBUG Input                - Registered new binding: Pause - Esc
20:04:10.420 [JavaFX Application Thread] DEBUG FXGL                 - Running preInit()
20:04:10.421 [JavaFX Application Thread] DEBUG Input                - Registered new binding: Screenshot - P
20:04:10.422 [JavaFX Application Thread] DEBUG Input                - Registered new binding: Dev Options - CTRL+0
20:04:10.422 [JavaFX Application Thread] DEBUG Input                - Registered new binding: System info dump - CTRL+9
20:04:10.423 [JavaFX Application Thread] DEBUG Input                - Registered new binding: Restart - CTRL+R
20:04:10.423 [JavaFX Application Thread] INFO  FXGL                 - FXGL initialization took: 0.895 sec
20:04:10.423 [JavaFX Application Thread] DEBUG LoopRunner           - Starting loop
20:04:10.430 [JavaFX Application Thread] DEBUG StartupState         - STARTUP
20:04:10.430 [JavaFX Application Thread] DEBUG GameApplication      - Starting new game
20:04:10.430 [JavaFX Application Thread] DEBUG Input                - Clearing active input actions
20:04:10.431 [JavaFX Application Thread] DEBUG AssetLoader          - Loading from disk: /assets/ui/css/fxgl_dark.css
20:04:10.439 [JavaFX Application Thread] DEBUG AppStateMachine      - StartupState -> LoadingState
20:04:10.458 [FXGL Background Thread 1 ] DEBUG InitAppTask          - Clearing previous game
20:04:10.465 [FXGL Background Thread 1 ] DEBUG GameWorld            - Clearing game world
20:04:10.465 [FXGL Background Thread 1 ] DEBUG PhysicsWorld         - Clearing physics world
20:04:10.466 [FXGL Background Thread 1 ] DEBUG GameScene            - Clearing game scene
20:04:10.467 [FXGL Background Thread 1 ] DEBUG InitAppTask          - Initializing Game
20:04:10.782 [FXGL Background Thread 1 ] DEBUG GameScene            - Creating render group for layer: DEFAULT(100000)
20:04:10.784 [FXGL Background Thread 1 ] DEBUG InitAppTask          - Initializing Physics
20:04:10.784 [FXGL Background Thread 1 ] DEBUG InitAppTask          - Initializing UI
20:04:10.785 [FXGL Background Thread 1 ] DEBUG InitAppTask          - Initialization Complete
20:04:10.785 [FXGL Background Thread 1 ] INFO  InitAppTask          - Game initialization took: 0.328 sec
20:04:10.790 [JavaFX Application Thread] DEBUG Input                - Clearing active input actions
20:04:10.791 [JavaFX Application Thread] DEBUG AssetLoader          - Loading from disk: /assets/ui/css/fxgl_dark.css
20:04:10.812 [JavaFX Application Thread] DEBUG AppStateMachine      - LoadingState -> PlayState
20:04:13.586 [JavaFX Application Thread] DEBUG FXGL                 - Exiting FXGL
20:04:13.587 [JavaFX Application Thread] DEBUG FXGL                 - Shutting down background threads
20:04:13.588 [JavaFX Application Thread] DEBUG FXGL                 - Saving FXGL system data
20:04:13.593 [JavaFX Application Thread] DEBUG DesktopFSService     - Writing to: system/fxgl.bundle
20:04:13.601 [JavaFX Application Thread] DEBUG FXGL                 - Closing logger and exiting JavaFX
