17:58:08.741 [JavaFX Application Thread] DEBUG GameApplication      - Logger initialized
17:58:08.745 [JavaFX Application Thread] DEBUG GameApplication      - Logging settings
Title: Tile Rummy
Version: 0.1
Width: 1900
Height: 1000
Fullscreen: false
Intro: false
Menus: false
Profiling: false
Single step:false
App Mode: DEVELOPER
Menu Key: ESCAPE
Stage Style: DECORATED
Scene Factory: class com.almasb.fxgl.scene.SceneFactory
Dialog Factory: class com.almasb.fxgl.ui.FXGLDialogFactory
UI Factory: class com.almasb.fxgl.ui.FXGLUIFactory
Notification Service: class com.almasb.fxgl.gameplay.notification.XboxNotificationView
Exception Handler: class com.almasb.fxgl.app.FXGLExceptionHandler
17:58:08.745 [JavaFX Application Thread] DEBUG GameApplication      - Starting FXGL
17:58:08.751 [JavaFX Application Thread] INFO  FXGL                 - FXGL-0.5.4 on DESKTOP
17:58:08.752 [JavaFX Application Thread] INFO  FXGL                 - Source code and latest versions at: https://github.com/AlmasB/FXGL
17:58:08.752 [JavaFX Application Thread] INFO  FXGL                 -              Join the FXGL chat at: https://gitter.im/AlmasB/FXGL
17:58:08.759 [JavaFX Application Thread] DEBUG FXGL                 - FXGL started
17:58:08.759 [JavaFX Application Thread] DEBUG FXGL                 - Initializing FXGL
17:58:08.812 [JavaFX Application Thread] DEBUG AssetLoader          - Loading from disk: /assets/ui/cursors/fxgl_default.png
17:58:08.901 [JavaFX Application Thread] DEBUG AssetLoader          - Loading from disk: /assets/ui/fonts/VarelaRound-Regular.ttf
17:58:08.960 [JavaFX Application Thread] DEBUG MainWindow           - Creating a JavaFX scene
17:58:08.994 [JavaFX Application Thread] DEBUG MainWindow           - Target settings size: 1900.0 x 1000.0
17:58:08.995 [JavaFX Application Thread] DEBUG MainWindow           - Scaled scene size:    1900.0 x 1000.0
17:58:08.995 [JavaFX Application Thread] DEBUG MainWindow           - Scaled ratio: (1.0, 1.0)
17:58:08.998 [JavaFX Application Thread] DEBUG AssetLoader          - Loading from disk: /assets/ui/css/fxgl_dark.css
17:58:09.003 [JavaFX Application Thread] DEBUG AssetLoader          - Loading from disk: /assets/textures/fxgl_icon.png
17:58:09.022 [JavaFX Application Thread] DEBUG MainWindow           - Opening main window
17:58:09.265 [JavaFX Application Thread] DEBUG MainWindow           - Window border size: (2.0, 31.0)
17:58:09.266 [JavaFX Application Thread] DEBUG MainWindow           - Scaled size: 1900.0 x 1000.0
17:58:09.266 [JavaFX Application Thread] DEBUG MainWindow           - Scaled ratio: (1.0, 1.0)
17:58:09.266 [JavaFX Application Thread] DEBUG MainWindow           - Scene size: 1900.0 x 1000.0
17:58:09.266 [JavaFX Application Thread] DEBUG MainWindow           - Stage size: 1902.0 x 1031.0
17:58:09.347 [ForkJoinPool.commonPool-worker-1] DEBUG FS                   - Loaded DesktopFSService
17:58:09.348 [ForkJoinPool.commonPool-worker-1] DEBUG FXGL                 - Loading FXGL system data
17:58:09.363 [ForkJoinPool.commonPool-worker-1] DEBUG DesktopFSService     - Reading from: system/fxgl.bundle
17:58:09.404 [ForkJoinPool.commonPool-worker-1] DEBUG Bundle               - Logging bundle: FXGL
17:58:09.405 [ForkJoinPool.commonPool-worker-1] DEBUG Bundle               - FXGL.offline.timer.version.check=2018-10-30T11:46:37.366
17:58:09.418 [ForkJoinPool.commonPool-worker-1] DEBUG FXGL                 - Initializing state machine and application states
17:58:09.419 [ForkJoinPool.commonPool-worker-1] DEBUG AssetLoader          - Loading from disk: /assets/ui/cursors/fxgl_default.png
17:58:09.427 [ForkJoinPool.commonPool-worker-1] DEBUG AssetLoader          - Loading from disk: /assets/ui/cursors/fxgl_default.png
17:58:09.433 [ForkJoinPool.commonPool-worker-1] DEBUG AssetLoader          - Loading from cache: /assets/ui/fonts/VarelaRound-Regular.ttf
17:58:09.435 [ForkJoinPool.commonPool-worker-1] DEBUG AssetLoader          - Loading from disk: /assets/ui/cursors/fxgl_default.png
17:58:09.464 [ForkJoinPool.commonPool-worker-1] DEBUG GameScene            - Game scene initialized: 1900x1000
17:58:09.482 [ForkJoinPool.commonPool-worker-1] DEBUG GameWorld            - Game world initialized
17:58:09.558 [ForkJoinPool.commonPool-worker-1] DEBUG PhysicsWorld         - Physics world initialized: appHeight=1000, physics.ppm=50.0
17:58:09.581 [ForkJoinPool.commonPool-worker-1] DEBUG Input                - Registered new binding: Pause - Esc
17:58:09.644 [JavaFX Application Thread] DEBUG FXGL                 - Running preInit()
17:58:09.646 [JavaFX Application Thread] DEBUG Input                - Registered new binding: Screenshot - P
17:58:09.648 [JavaFX Application Thread] DEBUG Input                - Registered new binding: Dev Options - CTRL+0
17:58:09.648 [JavaFX Application Thread] DEBUG Input                - Registered new binding: System info dump - CTRL+9
17:58:09.648 [JavaFX Application Thread] DEBUG Input                - Registered new binding: Restart - CTRL+R
17:58:09.649 [JavaFX Application Thread] INFO  FXGL                 - FXGL initialization took: 0.890 sec
17:58:09.649 [JavaFX Application Thread] DEBUG LoopRunner           - Starting loop
17:58:09.654 [JavaFX Application Thread] DEBUG StartupState         - STARTUP
17:58:09.654 [JavaFX Application Thread] DEBUG GameApplication      - Starting new game
17:58:09.654 [JavaFX Application Thread] DEBUG Input                - Clearing active input actions
17:58:09.655 [JavaFX Application Thread] DEBUG AssetLoader          - Loading from disk: /assets/ui/css/fxgl_dark.css
17:58:09.665 [JavaFX Application Thread] DEBUG AppStateMachine      - StartupState -> LoadingState
17:58:09.674 [FXGL Background Thread 1 ] DEBUG InitAppTask          - Clearing previous game
17:58:09.674 [FXGL Background Thread 1 ] DEBUG GameWorld            - Clearing game world
17:58:09.674 [FXGL Background Thread 1 ] DEBUG PhysicsWorld         - Clearing physics world
17:58:09.674 [FXGL Background Thread 1 ] DEBUG GameScene            - Clearing game scene
17:58:09.675 [FXGL Background Thread 1 ] DEBUG InitAppTask          - Initializing Game
17:58:10.032 [FXGL Background Thread 1 ] DEBUG GameScene            - Creating render group for layer: DEFAULT(100000)
17:58:10.033 [FXGL Background Thread 1 ] DEBUG InitAppTask          - Initializing Physics
17:58:10.033 [FXGL Background Thread 1 ] DEBUG InitAppTask          - Initializing UI
17:58:10.034 [FXGL Background Thread 1 ] DEBUG InitAppTask          - Initialization Complete
17:58:10.034 [FXGL Background Thread 1 ] INFO  InitAppTask          - Game initialization took: 0.360 sec
17:58:10.049 [JavaFX Application Thread] DEBUG Input                - Clearing active input actions
17:58:10.049 [JavaFX Application Thread] DEBUG AssetLoader          - Loading from disk: /assets/ui/css/fxgl_dark.css
17:58:10.082 [JavaFX Application Thread] DEBUG AppStateMachine      - LoadingState -> PlayState
17:58:20.499 [JavaFX Application Thread] DEBUG FXGL                 - Exiting FXGL
17:58:20.507 [JavaFX Application Thread] DEBUG FXGL                 - Shutting down background threads
17:58:20.508 [JavaFX Application Thread] DEBUG FXGL                 - Saving FXGL system data
17:58:20.513 [JavaFX Application Thread] DEBUG DesktopFSService     - Writing to: system/fxgl.bundle
17:58:20.519 [JavaFX Application Thread] DEBUG FXGL                 - Closing logger and exiting JavaFX
