17:55:51.351 [JavaFX Application Thread] DEBUG GameApplication      - Logger initialized
17:55:51.355 [JavaFX Application Thread] DEBUG GameApplication      - Logging settings
Title: Tile Rummy
Version: 0.1
Width: 1900
Height: 1000
Fullscreen: false
Intro: false
Menus: false
Profiling: false
Single step:false
App Mode: DEVELOPER
Menu Key: ESCAPE
Stage Style: DECORATED
Scene Factory: class com.almasb.fxgl.scene.SceneFactory
Dialog Factory: class com.almasb.fxgl.ui.FXGLDialogFactory
UI Factory: class com.almasb.fxgl.ui.FXGLUIFactory
Notification Service: class com.almasb.fxgl.gameplay.notification.XboxNotificationView
Exception Handler: class com.almasb.fxgl.app.FXGLExceptionHandler
17:55:51.355 [JavaFX Application Thread] DEBUG GameApplication      - Starting FXGL
17:55:51.374 [JavaFX Application Thread] INFO  FXGL                 - FXGL-0.5.4 on DESKTOP
17:55:51.375 [JavaFX Application Thread] INFO  FXGL                 - Source code and latest versions at: https://github.com/AlmasB/FXGL
17:55:51.375 [JavaFX Application Thread] INFO  FXGL                 -              Join the FXGL chat at: https://gitter.im/AlmasB/FXGL
17:55:51.375 [JavaFX Application Thread] DEBUG FXGL                 - FXGL started
17:55:51.375 [JavaFX Application Thread] DEBUG FXGL                 - Initializing FXGL
17:55:51.435 [JavaFX Application Thread] DEBUG AssetLoader          - Loading from disk: /assets/ui/cursors/fxgl_default.png
17:55:51.548 [JavaFX Application Thread] DEBUG AssetLoader          - Loading from disk: /assets/ui/fonts/VarelaRound-Regular.ttf
17:55:51.599 [JavaFX Application Thread] DEBUG MainWindow           - Creating a JavaFX scene
17:55:51.638 [JavaFX Application Thread] DEBUG MainWindow           - Target settings size: 1900.0 x 1000.0
17:55:51.638 [JavaFX Application Thread] DEBUG MainWindow           - Scaled scene size:    1900.0 x 1000.0
17:55:51.639 [JavaFX Application Thread] DEBUG MainWindow           - Scaled ratio: (1.0, 1.0)
17:55:51.641 [JavaFX Application Thread] DEBUG AssetLoader          - Loading from disk: /assets/ui/css/fxgl_dark.css
17:55:51.647 [JavaFX Application Thread] DEBUG AssetLoader          - Loading from disk: /assets/textures/fxgl_icon.png
17:55:51.667 [JavaFX Application Thread] DEBUG MainWindow           - Opening main window
17:55:51.919 [JavaFX Application Thread] DEBUG MainWindow           - Window border size: (2.0, 31.0)
17:55:51.920 [JavaFX Application Thread] DEBUG MainWindow           - Scaled size: 1900.0 x 1000.0
17:55:51.920 [JavaFX Application Thread] DEBUG MainWindow           - Scaled ratio: (1.0, 1.0)
17:55:51.920 [JavaFX Application Thread] DEBUG MainWindow           - Scene size: 1900.0 x 1000.0
17:55:51.920 [JavaFX Application Thread] DEBUG MainWindow           - Stage size: 1902.0 x 1031.0
17:55:51.961 [ForkJoinPool.commonPool-worker-1] DEBUG FS                   - Loaded DesktopFSService
17:55:51.961 [ForkJoinPool.commonPool-worker-1] DEBUG FXGL                 - Loading FXGL system data
17:55:51.969 [ForkJoinPool.commonPool-worker-1] DEBUG DesktopFSService     - Reading from: system/fxgl.bundle
17:55:51.996 [ForkJoinPool.commonPool-worker-1] DEBUG Bundle               - Logging bundle: FXGL
17:55:51.997 [ForkJoinPool.commonPool-worker-1] DEBUG Bundle               - FXGL.offline.timer.version.check=2018-10-30T11:46:37.366
17:55:52.007 [ForkJoinPool.commonPool-worker-1] DEBUG FXGL                 - Initializing state machine and application states
17:55:52.008 [ForkJoinPool.commonPool-worker-1] DEBUG AssetLoader          - Loading from disk: /assets/ui/cursors/fxgl_default.png
17:55:52.012 [ForkJoinPool.commonPool-worker-1] DEBUG AssetLoader          - Loading from disk: /assets/ui/cursors/fxgl_default.png
17:55:52.017 [ForkJoinPool.commonPool-worker-1] DEBUG AssetLoader          - Loading from cache: /assets/ui/fonts/VarelaRound-Regular.ttf
17:55:52.019 [ForkJoinPool.commonPool-worker-1] DEBUG AssetLoader          - Loading from disk: /assets/ui/cursors/fxgl_default.png
17:55:52.021 [ForkJoinPool.commonPool-worker-1] DEBUG GameScene            - Game scene initialized: 1900x1000
17:55:52.026 [ForkJoinPool.commonPool-worker-1] DEBUG GameWorld            - Game world initialized
17:55:52.105 [ForkJoinPool.commonPool-worker-1] DEBUG PhysicsWorld         - Physics world initialized: appHeight=1000, physics.ppm=50.0
17:55:52.152 [ForkJoinPool.commonPool-worker-1] DEBUG Input                - Registered new binding: Pause - Esc
17:55:52.195 [JavaFX Application Thread] DEBUG FXGL                 - Running preInit()
17:55:52.197 [JavaFX Application Thread] DEBUG Input                - Registered new binding: Screenshot - P
17:55:52.197 [JavaFX Application Thread] DEBUG Input                - Registered new binding: Dev Options - CTRL+0
17:55:52.198 [JavaFX Application Thread] DEBUG Input                - Registered new binding: System info dump - CTRL+9
17:55:52.198 [JavaFX Application Thread] DEBUG Input                - Registered new binding: Restart - CTRL+R
17:55:52.199 [JavaFX Application Thread] INFO  FXGL                 - FXGL initialization took: 0.823 sec
17:55:52.199 [JavaFX Application Thread] DEBUG LoopRunner           - Starting loop
17:55:52.203 [JavaFX Application Thread] DEBUG StartupState         - STARTUP
17:55:52.203 [JavaFX Application Thread] DEBUG GameApplication      - Starting new game
17:55:52.204 [JavaFX Application Thread] DEBUG Input                - Clearing active input actions
17:55:52.204 [JavaFX Application Thread] DEBUG AssetLoader          - Loading from disk: /assets/ui/css/fxgl_dark.css
17:55:52.218 [JavaFX Application Thread] DEBUG AppStateMachine      - StartupState -> LoadingState
17:55:52.224 [FXGL Background Thread 1 ] DEBUG InitAppTask          - Clearing previous game
17:55:52.225 [FXGL Background Thread 1 ] DEBUG GameWorld            - Clearing game world
17:55:52.225 [FXGL Background Thread 1 ] DEBUG PhysicsWorld         - Clearing physics world
17:55:52.225 [FXGL Background Thread 1 ] DEBUG GameScene            - Clearing game scene
17:55:52.226 [FXGL Background Thread 1 ] DEBUG InitAppTask          - Initializing Game
17:55:52.582 [FXGL Background Thread 1 ] DEBUG GameScene            - Creating render group for layer: DEFAULT(100000)
17:55:52.584 [FXGL Background Thread 1 ] DEBUG InitAppTask          - Initializing Physics
17:55:52.584 [FXGL Background Thread 1 ] DEBUG InitAppTask          - Initializing UI
17:55:52.585 [FXGL Background Thread 1 ] DEBUG InitAppTask          - Initialization Complete
17:55:52.585 [FXGL Background Thread 1 ] INFO  InitAppTask          - Game initialization took: 0.361 sec
17:55:52.596 [JavaFX Application Thread] DEBUG Input                - Clearing active input actions
17:55:52.596 [JavaFX Application Thread] DEBUG AssetLoader          - Loading from disk: /assets/ui/css/fxgl_dark.css
17:55:52.662 [JavaFX Application Thread] DEBUG AppStateMachine      - LoadingState -> PlayState
17:57:06.042 [JavaFX Application Thread] DEBUG FXGL                 - Exiting FXGL
17:57:06.045 [JavaFX Application Thread] DEBUG FXGL                 - Shutting down background threads
17:57:06.046 [JavaFX Application Thread] DEBUG FXGL                 - Saving FXGL system data
17:57:06.049 [JavaFX Application Thread] DEBUG DesktopFSService     - Writing to: system/fxgl.bundle
17:57:06.054 [JavaFX Application Thread] DEBUG FXGL                 - Closing logger and exiting JavaFX
