11:01:41.069 [JavaFX Application Thread] DEBUG GameApplication      - Logger initialized
11:01:41.073 [JavaFX Application Thread] DEBUG GameApplication      - Logging settings
Title: Tile Rummy
Version: 0.1
Width: 1900
Height: 1000
Fullscreen: false
Intro: false
Menus: false
Profiling: false
Single step:false
App Mode: DEVELOPER
Menu Key: ESCAPE
Stage Style: DECORATED
Scene Factory: class com.almasb.fxgl.scene.SceneFactory
Dialog Factory: class com.almasb.fxgl.ui.FXGLDialogFactory
UI Factory: class com.almasb.fxgl.ui.FXGLUIFactory
Notification Service: class com.almasb.fxgl.gameplay.notification.XboxNotificationView
Exception Handler: class com.almasb.fxgl.app.FXGLExceptionHandler
11:01:41.074 [JavaFX Application Thread] DEBUG GameApplication      - Starting FXGL
11:01:41.081 [JavaFX Application Thread] INFO  FXGL                 - FXGL-0.5.4 on DESKTOP
11:01:41.081 [JavaFX Application Thread] INFO  FXGL                 - Source code and latest versions at: https://github.com/AlmasB/FXGL
11:01:41.081 [JavaFX Application Thread] INFO  FXGL                 -              Join the FXGL chat at: https://gitter.im/AlmasB/FXGL
11:01:41.081 [JavaFX Application Thread] DEBUG FXGL                 - FXGL started
11:01:41.082 [JavaFX Application Thread] DEBUG FXGL                 - Initializing FXGL
11:01:41.119 [JavaFX Application Thread] DEBUG AssetLoader          - Loading from disk: /assets/ui/cursors/fxgl_default.png
11:01:41.220 [JavaFX Application Thread] DEBUG AssetLoader          - Loading from disk: /assets/ui/fonts/VarelaRound-Regular.ttf
11:01:41.263 [JavaFX Application Thread] DEBUG MainWindow           - Creating a JavaFX scene
11:01:41.297 [JavaFX Application Thread] DEBUG MainWindow           - Target settings size: 1900.0 x 1000.0
11:01:41.298 [JavaFX Application Thread] DEBUG MainWindow           - Scaled scene size:    1900.0 x 1000.0
11:01:41.298 [JavaFX Application Thread] DEBUG MainWindow           - Scaled ratio: (1.0, 1.0)
11:01:41.300 [JavaFX Application Thread] DEBUG AssetLoader          - Loading from disk: /assets/ui/css/fxgl_dark.css
11:01:41.304 [JavaFX Application Thread] DEBUG AssetLoader          - Loading from disk: /assets/textures/fxgl_icon.png
11:01:41.320 [JavaFX Application Thread] DEBUG MainWindow           - Opening main window
11:01:41.543 [JavaFX Application Thread] DEBUG MainWindow           - Window border size: (2.0, 31.0)
11:01:41.544 [JavaFX Application Thread] DEBUG MainWindow           - Scaled size: 1900.0 x 1000.0
11:01:41.544 [JavaFX Application Thread] DEBUG MainWindow           - Scaled ratio: (1.0, 1.0)
11:01:41.544 [JavaFX Application Thread] DEBUG MainWindow           - Scene size: 1900.0 x 1000.0
11:01:41.544 [JavaFX Application Thread] DEBUG MainWindow           - Stage size: 1902.0 x 1031.0
11:01:41.618 [ForkJoinPool.commonPool-worker-1] DEBUG FS                   - Loaded DesktopFSService
11:01:41.618 [ForkJoinPool.commonPool-worker-1] DEBUG FXGL                 - Loading FXGL system data
11:01:41.627 [ForkJoinPool.commonPool-worker-1] DEBUG DesktopFSService     - Reading from: system/fxgl.bundle
11:01:41.660 [ForkJoinPool.commonPool-worker-1] DEBUG Bundle               - Logging bundle: FXGL
11:01:41.661 [ForkJoinPool.commonPool-worker-1] DEBUG Bundle               - FXGL.offline.timer.version.check=2018-10-30T11:46:37.366
11:01:41.661 [ForkJoinPool.commonPool-worker-1] DEBUG FXGL                 - Initializing state machine and application states
11:01:41.662 [ForkJoinPool.commonPool-worker-1] DEBUG AssetLoader          - Loading from disk: /assets/ui/cursors/fxgl_default.png
11:01:41.670 [ForkJoinPool.commonPool-worker-1] DEBUG AssetLoader          - Loading from disk: /assets/ui/cursors/fxgl_default.png
11:01:41.677 [ForkJoinPool.commonPool-worker-1] DEBUG AssetLoader          - Loading from cache: /assets/ui/fonts/VarelaRound-Regular.ttf
11:01:41.680 [ForkJoinPool.commonPool-worker-1] DEBUG AssetLoader          - Loading from disk: /assets/ui/cursors/fxgl_default.png
11:01:41.684 [ForkJoinPool.commonPool-worker-1] DEBUG GameScene            - Game scene initialized: 1900x1000
11:01:41.690 [ForkJoinPool.commonPool-worker-1] DEBUG GameWorld            - Game world initialized
11:01:41.806 [ForkJoinPool.commonPool-worker-1] DEBUG PhysicsWorld         - Physics world initialized: appHeight=1000, physics.ppm=50.0
11:01:41.845 [ForkJoinPool.commonPool-worker-1] DEBUG Input                - Registered new binding: Pause - Esc
11:01:41.906 [JavaFX Application Thread] DEBUG FXGL                 - Running preInit()
11:01:41.907 [JavaFX Application Thread] DEBUG Input                - Registered new binding: Screenshot - P
11:01:41.908 [JavaFX Application Thread] DEBUG Input                - Registered new binding: Dev Options - CTRL+0
11:01:41.908 [JavaFX Application Thread] DEBUG Input                - Registered new binding: System info dump - CTRL+9
11:01:41.908 [JavaFX Application Thread] DEBUG Input                - Registered new binding: Restart - CTRL+R
11:01:41.909 [JavaFX Application Thread] INFO  FXGL                 - FXGL initialization took: 0.827 sec
11:01:41.910 [JavaFX Application Thread] DEBUG LoopRunner           - Starting loop
11:01:41.912 [JavaFX Application Thread] DEBUG StartupState         - STARTUP
11:01:41.912 [JavaFX Application Thread] DEBUG GameApplication      - Starting new game
11:01:41.912 [JavaFX Application Thread] DEBUG Input                - Clearing active input actions
11:01:41.913 [JavaFX Application Thread] DEBUG AssetLoader          - Loading from disk: /assets/ui/css/fxgl_dark.css
11:01:41.926 [JavaFX Application Thread] DEBUG AppStateMachine      - StartupState -> LoadingState
11:01:41.937 [FXGL Background Thread 1 ] DEBUG InitAppTask          - Clearing previous game
11:01:41.938 [FXGL Background Thread 1 ] DEBUG GameWorld            - Clearing game world
11:01:41.938 [FXGL Background Thread 1 ] DEBUG PhysicsWorld         - Clearing physics world
11:01:41.938 [FXGL Background Thread 1 ] DEBUG GameScene            - Clearing game scene
11:01:41.939 [FXGL Background Thread 1 ] DEBUG InitAppTask          - Initializing Game
11:01:42.408 [FXGL Background Thread 1 ] DEBUG GameScene            - Creating render group for layer: DEFAULT(100000)
11:01:42.409 [FXGL Background Thread 1 ] DEBUG InitAppTask          - Initializing Physics
11:01:42.409 [FXGL Background Thread 1 ] DEBUG InitAppTask          - Initializing UI
11:01:42.410 [FXGL Background Thread 1 ] DEBUG InitAppTask          - Initialization Complete
11:01:42.410 [FXGL Background Thread 1 ] INFO  InitAppTask          - Game initialization took: 0.472 sec
11:01:42.412 [JavaFX Application Thread] DEBUG Input                - Clearing active input actions
11:01:42.412 [JavaFX Application Thread] DEBUG AssetLoader          - Loading from disk: /assets/ui/css/fxgl_dark.css
11:01:42.490 [JavaFX Application Thread] DEBUG AppStateMachine      - LoadingState -> PlayState
11:01:44.799 [JavaFX Application Thread] DEBUG FXGL                 - Exiting FXGL
11:01:44.799 [JavaFX Application Thread] DEBUG FXGL                 - Shutting down background threads
11:01:44.800 [JavaFX Application Thread] DEBUG FXGL                 - Saving FXGL system data
11:01:44.803 [JavaFX Application Thread] DEBUG DesktopFSService     - Writing to: system/fxgl.bundle
11:01:44.807 [JavaFX Application Thread] DEBUG FXGL                 - Closing logger and exiting JavaFX
