10:38:31.142 [JavaFX Application Thread] DEBUG GameApplication      - Logger initialized
10:38:31.146 [JavaFX Application Thread] DEBUG GameApplication      - Logging settings
Title: Tile Rummy
Version: 0.1
Width: 1900
Height: 1000
Fullscreen: false
Intro: false
Menus: false
Profiling: false
Single step:false
App Mode: DEVELOPER
Menu Key: ESCAPE
Stage Style: DECORATED
Scene Factory: class com.almasb.fxgl.scene.SceneFactory
Dialog Factory: class com.almasb.fxgl.ui.FXGLDialogFactory
UI Factory: class com.almasb.fxgl.ui.FXGLUIFactory
Notification Service: class com.almasb.fxgl.gameplay.notification.XboxNotificationView
Exception Handler: class com.almasb.fxgl.app.FXGLExceptionHandler
10:38:31.146 [JavaFX Application Thread] DEBUG GameApplication      - Starting FXGL
10:38:31.161 [JavaFX Application Thread] INFO  FXGL                 - FXGL-0.5.4 on DESKTOP
10:38:31.161 [JavaFX Application Thread] INFO  FXGL                 - Source code and latest versions at: https://github.com/AlmasB/FXGL
10:38:31.161 [JavaFX Application Thread] INFO  FXGL                 -              Join the FXGL chat at: https://gitter.im/AlmasB/FXGL
10:38:31.162 [JavaFX Application Thread] DEBUG FXGL                 - FXGL started
10:38:31.162 [JavaFX Application Thread] DEBUG FXGL                 - Initializing FXGL
10:38:31.205 [JavaFX Application Thread] DEBUG AssetLoader          - Loading from disk: /assets/ui/cursors/fxgl_default.png
10:38:31.301 [JavaFX Application Thread] DEBUG AssetLoader          - Loading from disk: /assets/ui/fonts/VarelaRound-Regular.ttf
10:38:31.357 [JavaFX Application Thread] DEBUG MainWindow           - Creating a JavaFX scene
10:38:31.398 [JavaFX Application Thread] DEBUG MainWindow           - Target settings size: 1900.0 x 1000.0
10:38:31.399 [JavaFX Application Thread] DEBUG MainWindow           - Scaled scene size:    1900.0 x 1000.0
10:38:31.399 [JavaFX Application Thread] DEBUG MainWindow           - Scaled ratio: (1.0, 1.0)
10:38:31.401 [JavaFX Application Thread] DEBUG AssetLoader          - Loading from disk: /assets/ui/css/fxgl_dark.css
10:38:31.407 [JavaFX Application Thread] DEBUG AssetLoader          - Loading from disk: /assets/textures/fxgl_icon.png
10:38:31.427 [JavaFX Application Thread] DEBUG MainWindow           - Opening main window
10:38:31.764 [JavaFX Application Thread] DEBUG MainWindow           - Window border size: (2.0, 31.0)
10:38:31.764 [JavaFX Application Thread] DEBUG MainWindow           - Scaled size: 1900.0 x 1000.0
10:38:31.764 [JavaFX Application Thread] DEBUG MainWindow           - Scaled ratio: (1.0, 1.0)
10:38:31.765 [JavaFX Application Thread] DEBUG MainWindow           - Scene size: 1900.0 x 1000.0
10:38:31.766 [JavaFX Application Thread] DEBUG MainWindow           - Stage size: 1902.0 x 1031.0
10:38:31.881 [ForkJoinPool.commonPool-worker-1] DEBUG FS                   - Loaded DesktopFSService
10:38:31.881 [ForkJoinPool.commonPool-worker-1] DEBUG FXGL                 - Loading FXGL system data
10:38:31.907 [ForkJoinPool.commonPool-worker-1] DEBUG DesktopFSService     - Reading from: system/fxgl.bundle
10:38:31.947 [ForkJoinPool.commonPool-worker-1] DEBUG Bundle               - Logging bundle: FXGL
10:38:31.947 [ForkJoinPool.commonPool-worker-1] DEBUG Bundle               - FXGL.offline.timer.version.check=2018-10-30T11:46:37.366
10:38:31.954 [ForkJoinPool.commonPool-worker-1] DEBUG FXGL                 - Initializing state machine and application states
10:38:31.955 [ForkJoinPool.commonPool-worker-1] DEBUG AssetLoader          - Loading from disk: /assets/ui/cursors/fxgl_default.png
10:38:31.991 [ForkJoinPool.commonPool-worker-1] DEBUG AssetLoader          - Loading from disk: /assets/ui/cursors/fxgl_default.png
10:38:32.020 [ForkJoinPool.commonPool-worker-1] DEBUG AssetLoader          - Loading from cache: /assets/ui/fonts/VarelaRound-Regular.ttf
10:38:32.027 [ForkJoinPool.commonPool-worker-1] DEBUG AssetLoader          - Loading from disk: /assets/ui/cursors/fxgl_default.png
10:38:32.035 [ForkJoinPool.commonPool-worker-1] DEBUG GameScene            - Game scene initialized: 1900x1000
10:38:32.046 [ForkJoinPool.commonPool-worker-1] DEBUG GameWorld            - Game world initialized
10:38:32.198 [ForkJoinPool.commonPool-worker-1] DEBUG PhysicsWorld         - Physics world initialized: appHeight=1000, physics.ppm=50.0
10:38:32.226 [ForkJoinPool.commonPool-worker-1] DEBUG Input                - Registered new binding: Pause - Esc
10:38:32.351 [JavaFX Application Thread] DEBUG FXGL                 - Running preInit()
10:38:32.352 [JavaFX Application Thread] DEBUG Input                - Registered new binding: Screenshot - P
10:38:32.353 [JavaFX Application Thread] DEBUG Input                - Registered new binding: Dev Options - CTRL+0
10:38:32.353 [JavaFX Application Thread] DEBUG Input                - Registered new binding: System info dump - CTRL+9
10:38:32.353 [JavaFX Application Thread] DEBUG Input                - Registered new binding: Restart - CTRL+R
10:38:32.354 [JavaFX Application Thread] INFO  FXGL                 - FXGL initialization took: 1.192 sec
10:38:32.354 [JavaFX Application Thread] DEBUG LoopRunner           - Starting loop
10:38:32.356 [JavaFX Application Thread] DEBUG StartupState         - STARTUP
10:38:32.356 [JavaFX Application Thread] DEBUG GameApplication      - Starting new game
10:38:32.356 [JavaFX Application Thread] DEBUG Input                - Clearing active input actions
10:38:32.357 [JavaFX Application Thread] DEBUG AssetLoader          - Loading from disk: /assets/ui/css/fxgl_dark.css
10:38:32.370 [JavaFX Application Thread] DEBUG AppStateMachine      - StartupState -> LoadingState
10:38:32.376 [FXGL Background Thread 1 ] DEBUG InitAppTask          - Clearing previous game
10:38:32.377 [FXGL Background Thread 1 ] DEBUG GameWorld            - Clearing game world
10:38:32.377 [FXGL Background Thread 1 ] DEBUG PhysicsWorld         - Clearing physics world
10:38:32.377 [FXGL Background Thread 1 ] DEBUG GameScene            - Clearing game scene
10:38:32.378 [FXGL Background Thread 1 ] DEBUG InitAppTask          - Initializing Game
10:38:32.762 [FXGL Background Thread 1 ] DEBUG GameScene            - Creating render group for layer: DEFAULT(100000)
10:38:32.763 [FXGL Background Thread 1 ] DEBUG InitAppTask          - Initializing Physics
10:38:32.764 [FXGL Background Thread 1 ] DEBUG InitAppTask          - Initializing UI
10:38:32.765 [FXGL Background Thread 1 ] DEBUG InitAppTask          - Initialization Complete
10:38:32.765 [FXGL Background Thread 1 ] INFO  InitAppTask          - Game initialization took: 0.389 sec
10:38:32.778 [JavaFX Application Thread] DEBUG Input                - Clearing active input actions
10:38:32.779 [JavaFX Application Thread] DEBUG AssetLoader          - Loading from disk: /assets/ui/css/fxgl_dark.css
10:38:32.868 [JavaFX Application Thread] DEBUG AppStateMachine      - LoadingState -> PlayState
10:38:41.128 [JavaFX Application Thread] DEBUG Input                - Registered new binding: Resume - Esc
10:38:41.128 [JavaFX Application Thread] DEBUG AssetLoader          - Loading from disk: /assets/textures/pause_menu_bg.png
10:38:41.148 [JavaFX Application Thread] DEBUG AssetLoader          - Loading from disk: /assets/properties/languages/english.properties
10:38:41.149 [JavaFX Application Thread] DEBUG AssetLoader          - Loading from cache: /assets/ui/fonts/VarelaRound-Regular.ttf
10:38:41.152 [JavaFX Application Thread] DEBUG AssetLoader          - Loading from cache: /assets/properties/languages/english.properties
10:38:41.152 [JavaFX Application Thread] DEBUG AssetLoader          - Loading from cache: /assets/ui/fonts/VarelaRound-Regular.ttf
10:38:41.726 [JavaFX Application Thread] DEBUG AppStateMachine      - Push state: PauseMenuSubState
10:38:41.726 [JavaFX Application Thread] DEBUG Input                - Clearing active input actions
10:38:41.726 [JavaFX Application Thread] DEBUG AppStateMachine      - PlayState -> PauseMenuSubState
10:38:42.722 [JavaFX Application Thread] DEBUG AssetLoader          - Loading from cache: /assets/sounds/menu/select.wav
10:38:42.869 [JavaFX Application Thread] DEBUG FXGL                 - Exiting FXGL
10:38:42.870 [JavaFX Application Thread] DEBUG FXGL                 - Shutting down background threads
10:38:42.870 [JavaFX Application Thread] DEBUG FXGL                 - Saving FXGL system data
10:38:42.874 [JavaFX Application Thread] DEBUG DesktopFSService     - Writing to: system/fxgl.bundle
10:38:42.879 [JavaFX Application Thread] DEBUG FXGL                 - Closing logger and exiting JavaFX
