10:59:43.680 [JavaFX Application Thread] DEBUG GameApplication      - Logger initialized
10:59:43.684 [JavaFX Application Thread] DEBUG GameApplication      - Logging settings
Title: Tile Rummy
Version: 0.1
Width: 1900
Height: 1000
Fullscreen: false
Intro: false
Menus: false
Profiling: false
Single step:false
App Mode: DEVELOPER
Menu Key: ESCAPE
Stage Style: DECORATED
Scene Factory: class com.almasb.fxgl.scene.SceneFactory
Dialog Factory: class com.almasb.fxgl.ui.FXGLDialogFactory
UI Factory: class com.almasb.fxgl.ui.FXGLUIFactory
Notification Service: class com.almasb.fxgl.gameplay.notification.XboxNotificationView
Exception Handler: class com.almasb.fxgl.app.FXGLExceptionHandler
10:59:43.684 [JavaFX Application Thread] DEBUG GameApplication      - Starting FXGL
10:59:43.691 [JavaFX Application Thread] INFO  FXGL                 - FXGL-0.5.4 on DESKTOP
10:59:43.691 [JavaFX Application Thread] INFO  FXGL                 - Source code and latest versions at: https://github.com/AlmasB/FXGL
10:59:43.691 [JavaFX Application Thread] INFO  FXGL                 -              Join the FXGL chat at: https://gitter.im/AlmasB/FXGL
10:59:43.692 [JavaFX Application Thread] DEBUG FXGL                 - FXGL started
10:59:43.692 [JavaFX Application Thread] DEBUG FXGL                 - Initializing FXGL
10:59:43.731 [JavaFX Application Thread] DEBUG AssetLoader          - Loading from disk: /assets/ui/cursors/fxgl_default.png
10:59:43.820 [JavaFX Application Thread] DEBUG AssetLoader          - Loading from disk: /assets/ui/fonts/VarelaRound-Regular.ttf
10:59:43.862 [JavaFX Application Thread] DEBUG MainWindow           - Creating a JavaFX scene
10:59:43.892 [JavaFX Application Thread] DEBUG MainWindow           - Target settings size: 1900.0 x 1000.0
10:59:43.892 [JavaFX Application Thread] DEBUG MainWindow           - Scaled scene size:    1900.0 x 1000.0
10:59:43.892 [JavaFX Application Thread] DEBUG MainWindow           - Scaled ratio: (1.0, 1.0)
10:59:43.895 [JavaFX Application Thread] DEBUG AssetLoader          - Loading from disk: /assets/ui/css/fxgl_dark.css
10:59:43.898 [JavaFX Application Thread] DEBUG AssetLoader          - Loading from disk: /assets/textures/fxgl_icon.png
10:59:43.916 [JavaFX Application Thread] DEBUG MainWindow           - Opening main window
10:59:44.126 [JavaFX Application Thread] DEBUG MainWindow           - Window border size: (2.0, 31.0)
10:59:44.126 [JavaFX Application Thread] DEBUG MainWindow           - Scaled size: 1900.0 x 1000.0
10:59:44.127 [JavaFX Application Thread] DEBUG MainWindow           - Scaled ratio: (1.0, 1.0)
10:59:44.127 [JavaFX Application Thread] DEBUG MainWindow           - Scene size: 1900.0 x 1000.0
10:59:44.127 [JavaFX Application Thread] DEBUG MainWindow           - Stage size: 1902.0 x 1031.0
10:59:44.194 [ForkJoinPool.commonPool-worker-1] DEBUG FS                   - Loaded DesktopFSService
10:59:44.195 [ForkJoinPool.commonPool-worker-1] DEBUG FXGL                 - Loading FXGL system data
10:59:44.205 [ForkJoinPool.commonPool-worker-1] DEBUG DesktopFSService     - Reading from: system/fxgl.bundle
10:59:44.255 [ForkJoinPool.commonPool-worker-1] DEBUG Bundle               - Logging bundle: FXGL
10:59:44.256 [ForkJoinPool.commonPool-worker-1] DEBUG Bundle               - FXGL.offline.timer.version.check=2018-10-30T11:46:37.366
10:59:44.264 [ForkJoinPool.commonPool-worker-1] DEBUG FXGL                 - Initializing state machine and application states
10:59:44.288 [ForkJoinPool.commonPool-worker-1] DEBUG AssetLoader          - Loading from disk: /assets/ui/cursors/fxgl_default.png
10:59:44.293 [ForkJoinPool.commonPool-worker-1] DEBUG AssetLoader          - Loading from disk: /assets/ui/cursors/fxgl_default.png
10:59:44.305 [ForkJoinPool.commonPool-worker-1] DEBUG AssetLoader          - Loading from cache: /assets/ui/fonts/VarelaRound-Regular.ttf
10:59:44.307 [ForkJoinPool.commonPool-worker-1] DEBUG AssetLoader          - Loading from disk: /assets/ui/cursors/fxgl_default.png
10:59:44.323 [ForkJoinPool.commonPool-worker-1] DEBUG GameScene            - Game scene initialized: 1900x1000
10:59:44.329 [ForkJoinPool.commonPool-worker-1] DEBUG GameWorld            - Game world initialized
10:59:44.420 [ForkJoinPool.commonPool-worker-1] DEBUG PhysicsWorld         - Physics world initialized: appHeight=1000, physics.ppm=50.0
10:59:44.440 [ForkJoinPool.commonPool-worker-1] DEBUG Input                - Registered new binding: Pause - Esc
10:59:44.532 [JavaFX Application Thread] DEBUG FXGL                 - Running preInit()
10:59:44.533 [JavaFX Application Thread] DEBUG Input                - Registered new binding: Screenshot - P
10:59:44.533 [JavaFX Application Thread] DEBUG Input                - Registered new binding: Dev Options - CTRL+0
10:59:44.534 [JavaFX Application Thread] DEBUG Input                - Registered new binding: System info dump - CTRL+9
10:59:44.534 [JavaFX Application Thread] DEBUG Input                - Registered new binding: Restart - CTRL+R
10:59:44.535 [JavaFX Application Thread] INFO  FXGL                 - FXGL initialization took: 0.843 sec
10:59:44.535 [JavaFX Application Thread] DEBUG LoopRunner           - Starting loop
10:59:44.536 [JavaFX Application Thread] DEBUG StartupState         - STARTUP
10:59:44.537 [JavaFX Application Thread] DEBUG GameApplication      - Starting new game
10:59:44.537 [JavaFX Application Thread] DEBUG Input                - Clearing active input actions
10:59:44.538 [JavaFX Application Thread] DEBUG AssetLoader          - Loading from disk: /assets/ui/css/fxgl_dark.css
10:59:44.555 [JavaFX Application Thread] DEBUG AppStateMachine      - StartupState -> LoadingState
10:59:44.559 [FXGL Background Thread 1 ] DEBUG InitAppTask          - Clearing previous game
10:59:44.560 [FXGL Background Thread 1 ] DEBUG GameWorld            - Clearing game world
10:59:44.560 [FXGL Background Thread 1 ] DEBUG PhysicsWorld         - Clearing physics world
10:59:44.560 [FXGL Background Thread 1 ] DEBUG GameScene            - Clearing game scene
10:59:44.561 [FXGL Background Thread 1 ] DEBUG InitAppTask          - Initializing Game
10:59:45.006 [FXGL Background Thread 1 ] DEBUG GameScene            - Creating render group for layer: DEFAULT(100000)
10:59:45.010 [FXGL Background Thread 1 ] DEBUG InitAppTask          - Initializing Physics
10:59:45.010 [FXGL Background Thread 1 ] DEBUG InitAppTask          - Initializing UI
10:59:45.010 [FXGL Background Thread 1 ] DEBUG InitAppTask          - Initialization Complete
10:59:45.011 [FXGL Background Thread 1 ] INFO  InitAppTask          - Game initialization took: 0.451 sec
10:59:45.027 [JavaFX Application Thread] DEBUG Input                - Clearing active input actions
10:59:45.027 [JavaFX Application Thread] DEBUG AssetLoader          - Loading from disk: /assets/ui/css/fxgl_dark.css
10:59:45.097 [JavaFX Application Thread] DEBUG AppStateMachine      - LoadingState -> PlayState
10:59:46.377 [JavaFX Application Thread] DEBUG FXGL                 - Exiting FXGL
10:59:46.377 [JavaFX Application Thread] DEBUG FXGL                 - Shutting down background threads
10:59:46.378 [JavaFX Application Thread] DEBUG FXGL                 - Saving FXGL system data
10:59:46.381 [JavaFX Application Thread] DEBUG DesktopFSService     - Writing to: system/fxgl.bundle
10:59:46.387 [JavaFX Application Thread] DEBUG FXGL                 - Closing logger and exiting JavaFX
