18:11:45.348 [JavaFX Application Thread] DEBUG GameApplication      - Logger initialized
18:11:45.352 [JavaFX Application Thread] DEBUG GameApplication      - Logging settings
Title: Tile Rummy
Version: 0.1
Width: 1900
Height: 1000
Fullscreen: false
Intro: false
Menus: false
Profiling: false
Single step:false
App Mode: DEVELOPER
Menu Key: ESCAPE
Stage Style: DECORATED
Scene Factory: class com.almasb.fxgl.scene.SceneFactory
Dialog Factory: class com.almasb.fxgl.ui.FXGLDialogFactory
UI Factory: class com.almasb.fxgl.ui.FXGLUIFactory
Notification Service: class com.almasb.fxgl.gameplay.notification.XboxNotificationView
Exception Handler: class com.almasb.fxgl.app.FXGLExceptionHandler
18:11:45.353 [JavaFX Application Thread] DEBUG GameApplication      - Starting FXGL
18:11:45.359 [JavaFX Application Thread] INFO  FXGL                 - FXGL-0.5.4 on DESKTOP
18:11:45.360 [JavaFX Application Thread] INFO  FXGL                 - Source code and latest versions at: https://github.com/AlmasB/FXGL
18:11:45.360 [JavaFX Application Thread] INFO  FXGL                 -              Join the FXGL chat at: https://gitter.im/AlmasB/FXGL
18:11:45.360 [JavaFX Application Thread] DEBUG FXGL                 - FXGL started
18:11:45.361 [JavaFX Application Thread] DEBUG FXGL                 - Initializing FXGL
18:11:45.399 [JavaFX Application Thread] DEBUG AssetLoader          - Loading from disk: /assets/ui/cursors/fxgl_default.png
18:11:45.497 [JavaFX Application Thread] DEBUG AssetLoader          - Loading from disk: /assets/ui/fonts/VarelaRound-Regular.ttf
18:11:45.548 [JavaFX Application Thread] DEBUG MainWindow           - Creating a JavaFX scene
18:11:45.584 [JavaFX Application Thread] DEBUG MainWindow           - Target settings size: 1900.0 x 1000.0
18:11:45.584 [JavaFX Application Thread] DEBUG MainWindow           - Scaled scene size:    1900.0 x 1000.0
18:11:45.585 [JavaFX Application Thread] DEBUG MainWindow           - Scaled ratio: (1.0, 1.0)
18:11:45.588 [JavaFX Application Thread] DEBUG AssetLoader          - Loading from disk: /assets/ui/css/fxgl_dark.css
18:11:45.593 [JavaFX Application Thread] DEBUG AssetLoader          - Loading from disk: /assets/textures/fxgl_icon.png
18:11:45.614 [JavaFX Application Thread] DEBUG MainWindow           - Opening main window
18:11:45.875 [JavaFX Application Thread] DEBUG MainWindow           - Window border size: (2.0, 31.0)
18:11:45.875 [JavaFX Application Thread] DEBUG MainWindow           - Scaled size: 1900.0 x 1000.0
18:11:45.877 [JavaFX Application Thread] DEBUG MainWindow           - Scaled ratio: (1.0, 1.0)
18:11:45.879 [JavaFX Application Thread] DEBUG MainWindow           - Scene size: 1900.0 x 1000.0
18:11:45.882 [JavaFX Application Thread] DEBUG MainWindow           - Stage size: 1902.0 x 1031.0
18:11:46.008 [ForkJoinPool.commonPool-worker-1] DEBUG FS                   - Loaded DesktopFSService
18:11:46.008 [ForkJoinPool.commonPool-worker-1] DEBUG FXGL                 - Loading FXGL system data
18:11:46.025 [ForkJoinPool.commonPool-worker-1] DEBUG DesktopFSService     - Reading from: system/fxgl.bundle
18:11:46.079 [ForkJoinPool.commonPool-worker-1] DEBUG Bundle               - Logging bundle: FXGL
18:11:46.080 [ForkJoinPool.commonPool-worker-1] DEBUG Bundle               - FXGL.offline.timer.version.check=2018-10-30T11:46:37.366
18:11:46.101 [ForkJoinPool.commonPool-worker-1] DEBUG FXGL                 - Initializing state machine and application states
18:11:46.103 [ForkJoinPool.commonPool-worker-1] DEBUG AssetLoader          - Loading from disk: /assets/ui/cursors/fxgl_default.png
18:11:46.111 [ForkJoinPool.commonPool-worker-1] DEBUG AssetLoader          - Loading from disk: /assets/ui/cursors/fxgl_default.png
18:11:46.125 [ForkJoinPool.commonPool-worker-1] DEBUG AssetLoader          - Loading from cache: /assets/ui/fonts/VarelaRound-Regular.ttf
18:11:46.134 [ForkJoinPool.commonPool-worker-1] DEBUG AssetLoader          - Loading from disk: /assets/ui/cursors/fxgl_default.png
18:11:46.143 [ForkJoinPool.commonPool-worker-1] DEBUG GameScene            - Game scene initialized: 1900x1000
18:11:46.152 [ForkJoinPool.commonPool-worker-1] DEBUG GameWorld            - Game world initialized
18:11:46.222 [ForkJoinPool.commonPool-worker-1] DEBUG PhysicsWorld         - Physics world initialized: appHeight=1000, physics.ppm=50.0
18:11:46.266 [ForkJoinPool.commonPool-worker-1] DEBUG Input                - Registered new binding: Pause - Esc
18:11:46.329 [JavaFX Application Thread] DEBUG FXGL                 - Running preInit()
18:11:46.330 [JavaFX Application Thread] DEBUG Input                - Registered new binding: Screenshot - P
18:11:46.331 [JavaFX Application Thread] DEBUG Input                - Registered new binding: Dev Options - CTRL+0
18:11:46.331 [JavaFX Application Thread] DEBUG Input                - Registered new binding: System info dump - CTRL+9
18:11:46.332 [JavaFX Application Thread] DEBUG Input                - Registered new binding: Restart - CTRL+R
18:11:46.332 [JavaFX Application Thread] INFO  FXGL                 - FXGL initialization took: 0.971 sec
18:11:46.333 [JavaFX Application Thread] DEBUG LoopRunner           - Starting loop
18:11:46.335 [JavaFX Application Thread] DEBUG StartupState         - STARTUP
18:11:46.335 [JavaFX Application Thread] DEBUG GameApplication      - Starting new game
18:11:46.335 [JavaFX Application Thread] DEBUG Input                - Clearing active input actions
18:11:46.336 [JavaFX Application Thread] DEBUG AssetLoader          - Loading from disk: /assets/ui/css/fxgl_dark.css
18:11:46.348 [JavaFX Application Thread] DEBUG AppStateMachine      - StartupState -> LoadingState
18:11:46.355 [FXGL Background Thread 1 ] DEBUG InitAppTask          - Clearing previous game
18:11:46.356 [FXGL Background Thread 1 ] DEBUG GameWorld            - Clearing game world
18:11:46.357 [FXGL Background Thread 1 ] DEBUG PhysicsWorld         - Clearing physics world
18:11:46.358 [FXGL Background Thread 1 ] DEBUG GameScene            - Clearing game scene
18:11:46.359 [FXGL Background Thread 1 ] DEBUG InitAppTask          - Initializing Game
18:11:46.706 [FXGL Background Thread 1 ] DEBUG GameScene            - Creating render group for layer: DEFAULT(100000)
18:11:46.707 [FXGL Background Thread 1 ] DEBUG InitAppTask          - Initializing Physics
18:11:46.712 [FXGL Background Thread 1 ] DEBUG InitAppTask          - Initializing UI
18:11:46.712 [FXGL Background Thread 1 ] DEBUG InitAppTask          - Initialization Complete
18:11:46.716 [FXGL Background Thread 1 ] INFO  InitAppTask          - Game initialization took: 0.357 sec
18:11:46.724 [JavaFX Application Thread] DEBUG Input                - Clearing active input actions
18:11:46.725 [JavaFX Application Thread] DEBUG AssetLoader          - Loading from disk: /assets/ui/css/fxgl_dark.css
18:11:46.748 [JavaFX Application Thread] DEBUG AppStateMachine      - LoadingState -> PlayState
18:11:49.033 [JavaFX Application Thread] DEBUG FXGL                 - Exiting FXGL
18:11:49.033 [JavaFX Application Thread] DEBUG FXGL                 - Shutting down background threads
18:11:49.034 [JavaFX Application Thread] DEBUG FXGL                 - Saving FXGL system data
18:11:49.039 [JavaFX Application Thread] DEBUG DesktopFSService     - Writing to: system/fxgl.bundle
18:11:49.047 [JavaFX Application Thread] DEBUG FXGL                 - Closing logger and exiting JavaFX
