11:00:14.963 [JavaFX Application Thread] DEBUG GameApplication      - Logger initialized
11:00:14.967 [JavaFX Application Thread] DEBUG GameApplication      - Logging settings
Title: Tile Rummy
Version: 0.1
Width: 1900
Height: 1000
Fullscreen: false
Intro: false
Menus: false
Profiling: false
Single step:false
App Mode: DEVELOPER
Menu Key: ESCAPE
Stage Style: DECORATED
Scene Factory: class com.almasb.fxgl.scene.SceneFactory
Dialog Factory: class com.almasb.fxgl.ui.FXGLDialogFactory
UI Factory: class com.almasb.fxgl.ui.FXGLUIFactory
Notification Service: class com.almasb.fxgl.gameplay.notification.XboxNotificationView
Exception Handler: class com.almasb.fxgl.app.FXGLExceptionHandler
11:00:14.968 [JavaFX Application Thread] DEBUG GameApplication      - Starting FXGL
11:00:14.977 [JavaFX Application Thread] INFO  FXGL                 - FXGL-0.5.4 on DESKTOP
11:00:14.977 [JavaFX Application Thread] INFO  FXGL                 - Source code and latest versions at: https://github.com/AlmasB/FXGL
11:00:14.978 [JavaFX Application Thread] INFO  FXGL                 -              Join the FXGL chat at: https://gitter.im/AlmasB/FXGL
11:00:14.978 [JavaFX Application Thread] DEBUG FXGL                 - FXGL started
11:00:14.978 [JavaFX Application Thread] DEBUG FXGL                 - Initializing FXGL
11:00:15.021 [JavaFX Application Thread] DEBUG AssetLoader          - Loading from disk: /assets/ui/cursors/fxgl_default.png
11:00:15.131 [JavaFX Application Thread] DEBUG AssetLoader          - Loading from disk: /assets/ui/fonts/VarelaRound-Regular.ttf
11:00:15.184 [JavaFX Application Thread] DEBUG MainWindow           - Creating a JavaFX scene
11:00:15.231 [JavaFX Application Thread] DEBUG MainWindow           - Target settings size: 1900.0 x 1000.0
11:00:15.231 [JavaFX Application Thread] DEBUG MainWindow           - Scaled scene size:    1900.0 x 1000.0
11:00:15.231 [JavaFX Application Thread] DEBUG MainWindow           - Scaled ratio: (1.0, 1.0)
11:00:15.234 [JavaFX Application Thread] DEBUG AssetLoader          - Loading from disk: /assets/ui/css/fxgl_dark.css
11:00:15.239 [JavaFX Application Thread] DEBUG AssetLoader          - Loading from disk: /assets/textures/fxgl_icon.png
11:00:15.254 [JavaFX Application Thread] DEBUG MainWindow           - Opening main window
11:00:15.490 [JavaFX Application Thread] DEBUG MainWindow           - Window border size: (2.0, 31.0)
11:00:15.491 [JavaFX Application Thread] DEBUG MainWindow           - Scaled size: 1900.0 x 1000.0
11:00:15.491 [JavaFX Application Thread] DEBUG MainWindow           - Scaled ratio: (1.0, 1.0)
11:00:15.493 [JavaFX Application Thread] DEBUG MainWindow           - Scene size: 1900.0 x 1000.0
11:00:15.494 [JavaFX Application Thread] DEBUG MainWindow           - Stage size: 1902.0 x 1031.0
11:00:15.596 [ForkJoinPool.commonPool-worker-1] DEBUG FS                   - Loaded DesktopFSService
11:00:15.596 [ForkJoinPool.commonPool-worker-1] DEBUG FXGL                 - Loading FXGL system data
11:00:15.640 [ForkJoinPool.commonPool-worker-1] DEBUG DesktopFSService     - Reading from: system/fxgl.bundle
11:00:15.660 [ForkJoinPool.commonPool-worker-1] DEBUG Bundle               - Logging bundle: FXGL
11:00:15.661 [ForkJoinPool.commonPool-worker-1] DEBUG Bundle               - FXGL.offline.timer.version.check=2018-10-30T11:46:37.366
11:00:15.665 [ForkJoinPool.commonPool-worker-1] DEBUG FXGL                 - Initializing state machine and application states
11:00:15.667 [ForkJoinPool.commonPool-worker-1] DEBUG AssetLoader          - Loading from disk: /assets/ui/cursors/fxgl_default.png
11:00:15.674 [ForkJoinPool.commonPool-worker-1] DEBUG AssetLoader          - Loading from disk: /assets/ui/cursors/fxgl_default.png
11:00:15.690 [ForkJoinPool.commonPool-worker-1] DEBUG AssetLoader          - Loading from cache: /assets/ui/fonts/VarelaRound-Regular.ttf
11:00:15.694 [ForkJoinPool.commonPool-worker-1] DEBUG AssetLoader          - Loading from disk: /assets/ui/cursors/fxgl_default.png
11:00:15.698 [ForkJoinPool.commonPool-worker-1] DEBUG GameScene            - Game scene initialized: 1900x1000
11:00:15.706 [ForkJoinPool.commonPool-worker-1] DEBUG GameWorld            - Game world initialized
11:00:15.835 [ForkJoinPool.commonPool-worker-1] DEBUG PhysicsWorld         - Physics world initialized: appHeight=1000, physics.ppm=50.0
11:00:15.860 [ForkJoinPool.commonPool-worker-1] DEBUG Input                - Registered new binding: Pause - Esc
11:00:15.939 [JavaFX Application Thread] DEBUG FXGL                 - Running preInit()
11:00:15.940 [JavaFX Application Thread] DEBUG Input                - Registered new binding: Screenshot - P
11:00:15.940 [JavaFX Application Thread] DEBUG Input                - Registered new binding: Dev Options - CTRL+0
11:00:15.941 [JavaFX Application Thread] DEBUG Input                - Registered new binding: System info dump - CTRL+9
11:00:15.941 [JavaFX Application Thread] DEBUG Input                - Registered new binding: Restart - CTRL+R
11:00:15.943 [JavaFX Application Thread] INFO  FXGL                 - FXGL initialization took: 0.965 sec
11:00:15.944 [JavaFX Application Thread] DEBUG LoopRunner           - Starting loop
11:00:15.948 [JavaFX Application Thread] DEBUG StartupState         - STARTUP
11:00:15.949 [JavaFX Application Thread] DEBUG GameApplication      - Starting new game
11:00:15.949 [JavaFX Application Thread] DEBUG Input                - Clearing active input actions
11:00:15.950 [JavaFX Application Thread] DEBUG AssetLoader          - Loading from disk: /assets/ui/css/fxgl_dark.css
11:00:15.973 [JavaFX Application Thread] DEBUG AppStateMachine      - StartupState -> LoadingState
11:00:15.984 [FXGL Background Thread 1 ] DEBUG InitAppTask          - Clearing previous game
11:00:15.984 [FXGL Background Thread 1 ] DEBUG GameWorld            - Clearing game world
11:00:15.984 [FXGL Background Thread 1 ] DEBUG PhysicsWorld         - Clearing physics world
11:00:15.985 [FXGL Background Thread 1 ] DEBUG GameScene            - Clearing game scene
11:00:15.997 [FXGL Background Thread 1 ] DEBUG InitAppTask          - Initializing Game
11:00:16.524 [FXGL Background Thread 1 ] DEBUG GameScene            - Creating render group for layer: DEFAULT(100000)
11:00:16.525 [FXGL Background Thread 1 ] DEBUG InitAppTask          - Initializing Physics
11:00:16.526 [FXGL Background Thread 1 ] DEBUG InitAppTask          - Initializing UI
11:00:16.526 [FXGL Background Thread 1 ] DEBUG InitAppTask          - Initialization Complete
11:00:16.526 [FXGL Background Thread 1 ] INFO  InitAppTask          - Game initialization took: 0.542 sec
11:00:16.541 [JavaFX Application Thread] DEBUG Input                - Clearing active input actions
11:00:16.541 [JavaFX Application Thread] DEBUG AssetLoader          - Loading from disk: /assets/ui/css/fxgl_dark.css
11:00:16.621 [JavaFX Application Thread] DEBUG AppStateMachine      - LoadingState -> PlayState
11:00:19.244 [JavaFX Application Thread] DEBUG FXGL                 - Exiting FXGL
11:00:19.244 [JavaFX Application Thread] DEBUG FXGL                 - Shutting down background threads
11:00:19.245 [JavaFX Application Thread] DEBUG FXGL                 - Saving FXGL system data
11:00:19.249 [JavaFX Application Thread] DEBUG DesktopFSService     - Writing to: system/fxgl.bundle
11:00:19.253 [JavaFX Application Thread] DEBUG FXGL                 - Closing logger and exiting JavaFX
