11:16:57.082 [JavaFX Application Thread] DEBUG GameApplication      - Logger initialized
11:16:57.095 [JavaFX Application Thread] DEBUG GameApplication      - Logging settings
Title: Tile Rummy
Version: 0.1
Width: 1900
Height: 1000
Fullscreen: false
Intro: false
Menus: false
Profiling: false
Single step:false
App Mode: DEVELOPER
Menu Key: ESCAPE
Stage Style: DECORATED
Scene Factory: class com.almasb.fxgl.scene.SceneFactory
Dialog Factory: class com.almasb.fxgl.ui.FXGLDialogFactory
UI Factory: class com.almasb.fxgl.ui.FXGLUIFactory
Notification Service: class com.almasb.fxgl.gameplay.notification.XboxNotificationView
Exception Handler: class com.almasb.fxgl.app.FXGLExceptionHandler
11:16:57.096 [JavaFX Application Thread] DEBUG GameApplication      - Starting FXGL
11:16:57.108 [JavaFX Application Thread] INFO  FXGL                 - FXGL-0.5.4 on DESKTOP
11:16:57.109 [JavaFX Application Thread] INFO  FXGL                 - Source code and latest versions at: https://github.com/AlmasB/FXGL
11:16:57.109 [JavaFX Application Thread] INFO  FXGL                 -              Join the FXGL chat at: https://gitter.im/AlmasB/FXGL
11:16:57.109 [JavaFX Application Thread] DEBUG FXGL                 - FXGL started
11:16:57.109 [JavaFX Application Thread] DEBUG FXGL                 - Initializing FXGL
11:16:57.183 [JavaFX Application Thread] DEBUG AssetLoader          - Loading from disk: /assets/ui/cursors/fxgl_default.png
11:16:57.368 [JavaFX Application Thread] DEBUG AssetLoader          - Loading from disk: /assets/ui/fonts/VarelaRound-Regular.ttf
11:16:57.515 [JavaFX Application Thread] DEBUG MainWindow           - Creating a JavaFX scene
11:16:57.561 [JavaFX Application Thread] DEBUG MainWindow           - Target settings size: 1900.0 x 1000.0
11:16:57.561 [JavaFX Application Thread] DEBUG MainWindow           - Scaled scene size:    1900.0 x 1000.0
11:16:57.561 [JavaFX Application Thread] DEBUG MainWindow           - Scaled ratio: (1.0, 1.0)
11:16:57.564 [JavaFX Application Thread] DEBUG AssetLoader          - Loading from disk: /assets/ui/css/fxgl_dark.css
11:16:57.572 [JavaFX Application Thread] DEBUG AssetLoader          - Loading from disk: /assets/textures/fxgl_icon.png
11:16:57.594 [JavaFX Application Thread] DEBUG MainWindow           - Opening main window
11:16:57.834 [JavaFX Application Thread] DEBUG MainWindow           - Window border size: (2.0, 31.0)
11:16:57.835 [JavaFX Application Thread] DEBUG MainWindow           - Scaled size: 1900.0 x 1000.0
11:16:57.836 [JavaFX Application Thread] DEBUG MainWindow           - Scaled ratio: (1.0, 1.0)
11:16:57.836 [JavaFX Application Thread] DEBUG MainWindow           - Scene size: 1900.0 x 1000.0
11:16:57.836 [JavaFX Application Thread] DEBUG MainWindow           - Stage size: 1902.0 x 1031.0
11:16:57.932 [ForkJoinPool.commonPool-worker-1] DEBUG FS                   - Loaded DesktopFSService
11:16:57.934 [ForkJoinPool.commonPool-worker-1] DEBUG FXGL                 - Loading FXGL system data
11:16:57.939 [ForkJoinPool.commonPool-worker-1] DEBUG DesktopFSService     - Reading from: system/fxgl.bundle
11:16:57.989 [ForkJoinPool.commonPool-worker-1] DEBUG Bundle               - Logging bundle: FXGL
11:16:57.992 [ForkJoinPool.commonPool-worker-1] DEBUG Bundle               - FXGL.offline.timer.version.check=2018-10-30T11:46:37.366
11:16:58.013 [ForkJoinPool.commonPool-worker-1] DEBUG FXGL                 - Initializing state machine and application states
11:16:58.015 [ForkJoinPool.commonPool-worker-1] DEBUG AssetLoader          - Loading from disk: /assets/ui/cursors/fxgl_default.png
11:16:58.021 [ForkJoinPool.commonPool-worker-1] DEBUG AssetLoader          - Loading from disk: /assets/ui/cursors/fxgl_default.png
11:16:58.046 [ForkJoinPool.commonPool-worker-1] DEBUG AssetLoader          - Loading from cache: /assets/ui/fonts/VarelaRound-Regular.ttf
11:16:58.049 [ForkJoinPool.commonPool-worker-1] DEBUG AssetLoader          - Loading from disk: /assets/ui/cursors/fxgl_default.png
11:16:58.066 [ForkJoinPool.commonPool-worker-1] DEBUG GameScene            - Game scene initialized: 1900x1000
11:16:58.079 [ForkJoinPool.commonPool-worker-1] DEBUG GameWorld            - Game world initialized
11:16:58.133 [ForkJoinPool.commonPool-worker-1] DEBUG PhysicsWorld         - Physics world initialized: appHeight=1000, physics.ppm=50.0
11:16:58.150 [ForkJoinPool.commonPool-worker-1] DEBUG Input                - Registered new binding: Pause - Esc
11:16:58.322 [JavaFX Application Thread] DEBUG FXGL                 - Running preInit()
11:16:58.324 [JavaFX Application Thread] DEBUG Input                - Registered new binding: Screenshot - P
11:16:58.325 [JavaFX Application Thread] DEBUG Input                - Registered new binding: Dev Options - CTRL+0
11:16:58.326 [JavaFX Application Thread] DEBUG Input                - Registered new binding: System info dump - CTRL+9
11:16:58.327 [JavaFX Application Thread] DEBUG Input                - Registered new binding: Restart - CTRL+R
11:16:58.329 [JavaFX Application Thread] INFO  FXGL                 - FXGL initialization took: 1.220 sec
11:16:58.330 [JavaFX Application Thread] DEBUG LoopRunner           - Starting loop
11:16:58.338 [JavaFX Application Thread] DEBUG StartupState         - STARTUP
11:16:58.338 [JavaFX Application Thread] DEBUG GameApplication      - Starting new game
11:16:58.338 [JavaFX Application Thread] DEBUG Input                - Clearing active input actions
11:16:58.339 [JavaFX Application Thread] DEBUG AssetLoader          - Loading from disk: /assets/ui/css/fxgl_dark.css
11:16:58.361 [JavaFX Application Thread] DEBUG AppStateMachine      - StartupState -> LoadingState
11:16:58.370 [FXGL Background Thread 1 ] DEBUG InitAppTask          - Clearing previous game
11:16:58.370 [FXGL Background Thread 1 ] DEBUG GameWorld            - Clearing game world
11:16:58.371 [FXGL Background Thread 1 ] DEBUG PhysicsWorld         - Clearing physics world
11:16:58.371 [FXGL Background Thread 1 ] DEBUG GameScene            - Clearing game scene
11:16:58.374 [FXGL Background Thread 1 ] DEBUG InitAppTask          - Initializing Game
11:16:58.976 [FXGL Background Thread 1 ] DEBUG GameScene            - Creating render group for layer: DEFAULT(100000)
11:16:58.978 [FXGL Background Thread 1 ] DEBUG InitAppTask          - Initializing Physics
11:16:58.978 [FXGL Background Thread 1 ] DEBUG InitAppTask          - Initializing UI
11:16:58.978 [FXGL Background Thread 1 ] DEBUG InitAppTask          - Initialization Complete
11:16:58.978 [FXGL Background Thread 1 ] INFO  InitAppTask          - Game initialization took: 0.608 sec
11:16:58.992 [JavaFX Application Thread] DEBUG Input                - Clearing active input actions
11:16:58.992 [JavaFX Application Thread] DEBUG AssetLoader          - Loading from disk: /assets/ui/css/fxgl_dark.css
11:16:59.029 [JavaFX Application Thread] DEBUG AppStateMachine      - LoadingState -> PlayState
11:17:00.488 [JavaFX Application Thread] DEBUG FXGL                 - Exiting FXGL
11:17:00.488 [JavaFX Application Thread] DEBUG FXGL                 - Shutting down background threads
11:17:00.489 [JavaFX Application Thread] DEBUG FXGL                 - Saving FXGL system data
11:17:00.492 [JavaFX Application Thread] DEBUG DesktopFSService     - Writing to: system/fxgl.bundle
11:17:00.499 [JavaFX Application Thread] DEBUG FXGL                 - Closing logger and exiting JavaFX
