18:10:57.603 [JavaFX Application Thread] DEBUG GameApplication      - Logger initialized
18:10:57.607 [JavaFX Application Thread] DEBUG GameApplication      - Logging settings
Title: Tile Rummy
Version: 0.1
Width: 1900
Height: 1000
Fullscreen: false
Intro: false
Menus: false
Profiling: false
Single step:false
App Mode: DEVELOPER
Menu Key: ESCAPE
Stage Style: DECORATED
Scene Factory: class com.almasb.fxgl.scene.SceneFactory
Dialog Factory: class com.almasb.fxgl.ui.FXGLDialogFactory
UI Factory: class com.almasb.fxgl.ui.FXGLUIFactory
Notification Service: class com.almasb.fxgl.gameplay.notification.XboxNotificationView
Exception Handler: class com.almasb.fxgl.app.FXGLExceptionHandler
18:10:57.608 [JavaFX Application Thread] DEBUG GameApplication      - Starting FXGL
18:10:57.614 [JavaFX Application Thread] INFO  FXGL                 - FXGL-0.5.4 on DESKTOP
18:10:57.614 [JavaFX Application Thread] INFO  FXGL                 - Source code and latest versions at: https://github.com/AlmasB/FXGL
18:10:57.615 [JavaFX Application Thread] INFO  FXGL                 -              Join the FXGL chat at: https://gitter.im/AlmasB/FXGL
18:10:57.615 [JavaFX Application Thread] DEBUG FXGL                 - FXGL started
18:10:57.615 [JavaFX Application Thread] DEBUG FXGL                 - Initializing FXGL
18:10:57.689 [JavaFX Application Thread] DEBUG AssetLoader          - Loading from disk: /assets/ui/cursors/fxgl_default.png
18:10:57.807 [JavaFX Application Thread] DEBUG AssetLoader          - Loading from disk: /assets/ui/fonts/VarelaRound-Regular.ttf
18:10:57.865 [JavaFX Application Thread] DEBUG MainWindow           - Creating a JavaFX scene
18:10:57.910 [JavaFX Application Thread] DEBUG MainWindow           - Target settings size: 1900.0 x 1000.0
18:10:57.910 [JavaFX Application Thread] DEBUG MainWindow           - Scaled scene size:    1900.0 x 1000.0
18:10:57.910 [JavaFX Application Thread] DEBUG MainWindow           - Scaled ratio: (1.0, 1.0)
18:10:57.913 [JavaFX Application Thread] DEBUG AssetLoader          - Loading from disk: /assets/ui/css/fxgl_dark.css
18:10:57.917 [JavaFX Application Thread] DEBUG AssetLoader          - Loading from disk: /assets/textures/fxgl_icon.png
18:10:57.939 [JavaFX Application Thread] DEBUG MainWindow           - Opening main window
18:10:58.096 [JavaFX Application Thread] DEBUG MainWindow           - Window border size: (2.0, 31.0)
18:10:58.096 [JavaFX Application Thread] DEBUG MainWindow           - Scaled size: 1900.0 x 1000.0
18:10:58.097 [JavaFX Application Thread] DEBUG MainWindow           - Scaled ratio: (1.0, 1.0)
18:10:58.097 [JavaFX Application Thread] DEBUG MainWindow           - Scene size: 1900.0 x 1000.0
18:10:58.097 [JavaFX Application Thread] DEBUG MainWindow           - Stage size: 1902.0 x 1031.0
18:10:58.185 [ForkJoinPool.commonPool-worker-1] DEBUG FS                   - Loaded DesktopFSService
18:10:58.187 [ForkJoinPool.commonPool-worker-1] DEBUG FXGL                 - Loading FXGL system data
18:10:58.196 [ForkJoinPool.commonPool-worker-1] DEBUG DesktopFSService     - Reading from: system/fxgl.bundle
18:10:58.227 [ForkJoinPool.commonPool-worker-1] DEBUG Bundle               - Logging bundle: FXGL
18:10:58.231 [ForkJoinPool.commonPool-worker-1] DEBUG Bundle               - FXGL.offline.timer.version.check=2018-10-30T11:46:37.366
18:10:58.250 [ForkJoinPool.commonPool-worker-1] DEBUG FXGL                 - Initializing state machine and application states
18:10:58.253 [ForkJoinPool.commonPool-worker-1] DEBUG AssetLoader          - Loading from disk: /assets/ui/cursors/fxgl_default.png
18:10:58.260 [ForkJoinPool.commonPool-worker-1] DEBUG AssetLoader          - Loading from disk: /assets/ui/cursors/fxgl_default.png
18:10:58.268 [ForkJoinPool.commonPool-worker-1] DEBUG AssetLoader          - Loading from cache: /assets/ui/fonts/VarelaRound-Regular.ttf
18:10:58.271 [ForkJoinPool.commonPool-worker-1] DEBUG AssetLoader          - Loading from disk: /assets/ui/cursors/fxgl_default.png
18:10:58.275 [ForkJoinPool.commonPool-worker-1] DEBUG GameScene            - Game scene initialized: 1900x1000
18:10:58.284 [ForkJoinPool.commonPool-worker-1] DEBUG GameWorld            - Game world initialized
18:10:58.395 [ForkJoinPool.commonPool-worker-1] DEBUG PhysicsWorld         - Physics world initialized: appHeight=1000, physics.ppm=50.0
18:10:58.426 [ForkJoinPool.commonPool-worker-1] DEBUG Input                - Registered new binding: Pause - Esc
18:10:58.488 [JavaFX Application Thread] DEBUG FXGL                 - Running preInit()
18:10:58.489 [JavaFX Application Thread] DEBUG Input                - Registered new binding: Screenshot - P
18:10:58.490 [JavaFX Application Thread] DEBUG Input                - Registered new binding: Dev Options - CTRL+0
18:10:58.490 [JavaFX Application Thread] DEBUG Input                - Registered new binding: System info dump - CTRL+9
18:10:58.491 [JavaFX Application Thread] DEBUG Input                - Registered new binding: Restart - CTRL+R
18:10:58.491 [JavaFX Application Thread] INFO  FXGL                 - FXGL initialization took: 0.876 sec
18:10:58.492 [JavaFX Application Thread] DEBUG LoopRunner           - Starting loop
18:10:58.496 [JavaFX Application Thread] DEBUG StartupState         - STARTUP
18:10:58.496 [JavaFX Application Thread] DEBUG GameApplication      - Starting new game
18:10:58.496 [JavaFX Application Thread] DEBUG Input                - Clearing active input actions
18:10:58.497 [JavaFX Application Thread] DEBUG AssetLoader          - Loading from disk: /assets/ui/css/fxgl_dark.css
18:10:58.510 [JavaFX Application Thread] DEBUG AppStateMachine      - StartupState -> LoadingState
18:10:58.516 [FXGL Background Thread 1 ] DEBUG InitAppTask          - Clearing previous game
18:10:58.517 [FXGL Background Thread 1 ] DEBUG GameWorld            - Clearing game world
18:10:58.519 [FXGL Background Thread 1 ] DEBUG PhysicsWorld         - Clearing physics world
18:10:58.519 [FXGL Background Thread 1 ] DEBUG GameScene            - Clearing game scene
18:10:58.526 [FXGL Background Thread 1 ] DEBUG InitAppTask          - Initializing Game
18:10:58.986 [FXGL Background Thread 1 ] DEBUG GameScene            - Creating render group for layer: DEFAULT(100000)
18:10:58.987 [FXGL Background Thread 1 ] DEBUG InitAppTask          - Initializing Physics
18:10:58.988 [FXGL Background Thread 1 ] DEBUG InitAppTask          - Initializing UI
18:10:58.989 [FXGL Background Thread 1 ] DEBUG InitAppTask          - Initialization Complete
18:10:58.990 [FXGL Background Thread 1 ] INFO  InitAppTask          - Game initialization took: 0.474 sec
18:10:58.993 [JavaFX Application Thread] DEBUG Input                - Clearing active input actions
18:10:58.993 [JavaFX Application Thread] DEBUG AssetLoader          - Loading from disk: /assets/ui/css/fxgl_dark.css
18:10:59.038 [JavaFX Application Thread] DEBUG AppStateMachine      - LoadingState -> PlayState
18:11:04.017 [JavaFX Application Thread] DEBUG FXGL                 - Exiting FXGL
18:11:04.017 [JavaFX Application Thread] DEBUG FXGL                 - Shutting down background threads
18:11:04.018 [JavaFX Application Thread] DEBUG FXGL                 - Saving FXGL system data
18:11:04.023 [JavaFX Application Thread] DEBUG DesktopFSService     - Writing to: system/fxgl.bundle
18:11:04.031 [JavaFX Application Thread] DEBUG FXGL                 - Closing logger and exiting JavaFX
